TN:
SF:src\components\EmptyState.js
FN:46,(anonymous_0)
FN:86,(anonymous_1)
FN:94,(anonymous_2)
FN:102,(anonymous_3)
FN:106,(anonymous_4)
FN:114,(anonymous_5)
FN:122,(anonymous_6)
FNF:7
FNH:0
FNDA:0,(anonymous_0)
FNDA:0,(anonymous_1)
FNDA:0,(anonymous_2)
FNDA:0,(anonymous_3)
FNDA:0,(anonymous_4)
FNDA:0,(anonymous_5)
FNDA:0,(anonymous_6)
DA:8,0
DA:46,0
DA:55,0
DA:56,0
DA:57,0
DA:58,0
DA:60,0
DA:86,0
DA:87,0
DA:94,0
DA:95,0
DA:102,0
DA:103,0
DA:106,0
DA:107,0
DA:114,0
DA:115,0
DA:122,0
DA:123,0
DA:126,0
LF:20
LH:0
BRDA:47,0,0,0
BRDA:53,1,0,0
BRDA:55,2,0,0
BRDA:55,2,1,0
BRDA:56,3,0,0
BRDA:56,3,1,0
BRDA:57,4,0,0
BRDA:57,4,1,0
BRDA:58,5,0,0
BRDA:58,5,1,0
BRDA:68,6,0,0
BRDA:68,6,1,0
BRDA:68,6,2,0
BRDA:68,6,3,0
BRDA:117,7,0,0
BRDA:117,7,1,0
BRF:16
BRH:0
end_of_record
TN:
SF:src\components\ErrorBoundary.js
FN:11,(anonymous_0)
FN:16,(anonymous_1)
FN:20,(anonymous_2)
FN:41,(anonymous_3)
FN:45,(anonymous_4)
FNF:5
FNH:4
FNDA:31,(anonymous_0)
FNDA:28,(anonymous_1)
FNDA:14,(anonymous_2)
FNDA:0,(anonymous_3)
FNDA:75,(anonymous_4)
DA:12,31
DA:13,31
DA:17,28
DA:22,14
DA:23,9
DA:27,14
DA:38,14
DA:41,31
DA:42,0
DA:46,75
DA:47,44
DA:66,31
DA:70,1
LF:13
LH:12
BRDA:22,0,0,9
BRDA:22,0,1,5
BRDA:32,1,0,14
BRDA:32,1,1,10
BRDA:33,2,0,14
BRDA:33,2,1,12
BRDA:46,3,0,44
BRDA:46,3,1,31
BRDA:54,4,0,44
BRDA:54,4,1,28
BRDA:54,4,2,28
BRF:11
BRH:11
end_of_record
TN:
SF:src\components\ErrorState.js
FN:46,(anonymous_0)
FN:84,(anonymous_1)
FN:88,(anonymous_2)
FN:92,(anonymous_3)
FN:96,(anonymous_4)
FN:100,(anonymous_5)
FNF:6
FNH:0
FNDA:0,(anonymous_0)
FNDA:0,(anonymous_1)
FNDA:0,(anonymous_2)
FNDA:0,(anonymous_3)
FNDA:0,(anonymous_4)
FNDA:0,(anonymous_5)
DA:7,0
DA:46,0
DA:55,0
DA:56,0
DA:57,0
DA:58,0
DA:59,0
DA:61,0
DA:84,0
DA:85,0
DA:88,0
DA:89,0
DA:92,0
DA:93,0
DA:96,0
DA:97,0
DA:100,0
DA:101,0
DA:104,0
LF:19
LH:0
BRDA:47,0,0,0
BRDA:53,1,0,0
BRDA:55,2,0,0
BRDA:55,2,1,0
BRDA:56,3,0,0
BRDA:56,3,1,0
BRDA:57,4,0,0
BRDA:57,4,1,0
BRDA:58,5,0,0
BRDA:58,5,1,0
BRDA:59,6,0,0
BRDA:59,6,1,0
BRDA:69,7,0,0
BRDA:69,7,1,0
BRDA:69,7,2,0
BRDA:69,7,3,0
BRF:16
BRH:0
end_of_record
TN:
SF:src\components\LoadingSkeleton.js
FN:9,(anonymous_0)
FN:12,(anonymous_1)
FN:28,(anonymous_2)
FN:48,(anonymous_3)
FN:62,(anonymous_4)
FN:79,(anonymous_5)
FN:96,(anonymous_6)
FN:99,(anonymous_7)
FN:113,(anonymous_8)
FN:116,(anonymous_9)
FN:126,(anonymous_10)
FNF:11
FNH:0
FNDA:0,(anonymous_0)
FNDA:0,(anonymous_1)
FNDA:0,(anonymous_2)
FNDA:0,(anonymous_3)
FNDA:0,(anonymous_4)
FNDA:0,(anonymous_5)
FNDA:0,(anonymous_6)
FNDA:0,(anonymous_7)
FNDA:0,(anonymous_8)
FNDA:0,(anonymous_9)
FNDA:0,(anonymous_10)
DA:5,0
DA:6,0
DA:9,0
DA:10,0
DA:12,0
DA:13,0
DA:27,0
DA:28,0
DA:31,0
DA:36,0
DA:48,0
DA:49,0
DA:63,0
DA:80,0
DA:96,0
DA:97,0
DA:100,0
DA:113,0
DA:114,0
DA:117,0
DA:126,0
DA:127,0
DA:136,0
LF:23
LH:0
BRDA:96,0,0,0
BRDA:113,1,0,0
BRF:2
BRH:0
end_of_record
TN:
SF:src\components\LocationCapture.js
FN:18,(anonymous_0)
FN:30,(anonymous_1)
FN:98,(anonymous_2)
FN:109,(anonymous_3)
FN:115,(anonymous_4)
FN:190,(anonymous_5)
FN:202,(anonymous_6)
FN:212,(anonymous_7)
FN:233,(anonymous_8)
FN:249,(anonymous_9)
FN:256,(anonymous_10)
FN:351,(anonymous_11)
FN:355,(anonymous_12)
FN:361,(anonymous_13)
FNF:14
FNH:0
FNDA:0,(anonymous_0)
FNDA:0,(anonymous_1)
FNDA:0,(anonymous_2)
FNDA:0,(anonymous_3)
FNDA:0,(anonymous_4)
FNDA:0,(anonymous_5)
FNDA:0,(anonymous_6)
FNDA:0,(anonymous_7)
FNDA:0,(anonymous_8)
FNDA:0,(anonymous_9)
FNDA:0,(anonymous_10)
FNDA:0,(anonymous_11)
FNDA:0,(anonymous_12)
FNDA:0,(anonymous_13)
DA:18,0
DA:27,0
DA:28,0
DA:30,0
DA:31,0
DA:32,0
DA:33,0
DA:34,0
DA:35,0
DA:40,0
DA:41,0
DA:43,0
DA:98,0
DA:105,0
DA:106,0
DA:107,0
DA:109,0
DA:110,0
DA:111,0
DA:115,0
DA:116,0
DA:117,0
DA:118,0
DA:119,0
DA:120,0
DA:122,0
DA:125,0
DA:126,0
DA:134,0
DA:135,0
DA:145,0
DA:190,0
DA:202,0
DA:208,0
DA:209,0
DA:210,0
DA:212,0
DA:213,0
DA:214,0
DA:229,0
DA:233,0
DA:234,0
DA:236,0
DA:242,0
DA:244,0
DA:245,0
DA:249,0
DA:250,0
DA:251,0
DA:256,0
DA:257,0
DA:258,0
DA:259,0
DA:262,0
DA:351,0
DA:352,0
DA:353,0
DA:355,0
DA:356,0
DA:357,0
DA:361,0
DA:362,0
DA:363,0
DA:364,0
DA:367,0
DA:368,0
DA:371,0
DA:404,0
LF:68
LH:0
BRDA:20,0,0,0
BRDA:21,1,0,0
BRDA:22,2,0,0
BRDA:23,3,0,0
BRDA:24,4,0,0
BRDA:25,5,0,0
BRDA:32,6,0,0
BRDA:32,6,1,0
BRDA:34,7,0,0
BRDA:34,7,1,0
BRDA:40,8,0,0
BRDA:40,8,1,0
BRDA:41,9,0,0
BRDA:41,9,1,0
BRDA:47,10,0,0
BRDA:47,10,1,0
BRDA:48,11,0,0
BRDA:48,11,1,0
BRDA:51,12,0,0
BRDA:51,12,1,0
BRDA:57,13,0,0
BRDA:57,13,1,0
BRDA:59,14,0,0
BRDA:59,14,1,0
BRDA:63,15,0,0
BRDA:63,15,1,0
BRDA:65,16,0,0
BRDA:65,16,1,0
BRDA:72,17,0,0
BRDA:72,17,1,0
BRDA:74,18,0,0
BRDA:74,18,1,0
BRDA:76,19,0,0
BRDA:76,19,1,0
BRDA:76,19,2,0
BRDA:81,20,0,0
BRDA:81,20,1,0
BRDA:89,21,0,0
BRDA:89,21,1,0
BRDA:100,22,0,0
BRDA:101,23,0,0
BRDA:102,24,0,0
BRDA:103,25,0,0
BRDA:110,26,0,0
BRDA:110,26,1,0
BRDA:110,27,0,0
BRDA:110,27,1,0
BRDA:116,28,0,0
BRDA:116,28,1,0
BRDA:119,29,0,0
BRDA:119,29,1,0
BRDA:125,30,0,0
BRDA:125,30,1,0
BRDA:134,31,0,0
BRDA:134,31,1,0
BRDA:159,32,0,0
BRDA:159,32,1,0
BRDA:161,33,0,0
BRDA:161,33,1,0
BRDA:168,34,0,0
BRDA:168,34,1,0
BRDA:168,34,2,0
BRDA:176,35,0,0
BRDA:176,35,1,0
BRDA:187,36,0,0
BRDA:187,36,1,0
BRDA:204,37,0,0
BRDA:206,38,0,0
BRDA:213,39,0,0
BRDA:213,39,1,0
BRDA:234,40,0,0
BRDA:234,40,1,0
BRDA:244,41,0,0
BRDA:244,41,1,0
BRDA:250,42,0,0
BRDA:250,42,1,0
BRDA:251,43,0,0
BRDA:251,43,1,0
BRDA:257,44,0,0
BRDA:257,44,1,0
BRDA:258,45,0,0
BRDA:258,45,1,0
BRDA:259,46,0,0
BRDA:259,46,1,0
BRDA:278,47,0,0
BRDA:278,47,1,0
BRDA:285,48,0,0
BRDA:285,48,1,0
BRDA:288,49,0,0
BRDA:288,49,1,0
BRDA:294,50,0,0
BRDA:294,50,1,0
BRDA:296,51,0,0
BRDA:296,51,1,0
BRDA:304,52,0,0
BRDA:304,52,1,0
BRDA:309,53,0,0
BRDA:309,53,1,0
BRDA:321,54,0,0
BRDA:321,54,1,0
BRDA:324,55,0,0
BRDA:324,55,1,0
BRDA:328,56,0,0
BRDA:328,56,1,0
BRDA:337,57,0,0
BRDA:337,57,1,0
BRDA:342,58,0,0
BRDA:342,58,1,0
BRDA:342,59,0,0
BRDA:342,59,1,0
BRDA:356,60,0,0
BRDA:356,60,1,0
BRDA:356,61,0,0
BRDA:356,61,1,0
BRDA:367,62,0,0
BRDA:367,62,1,0
BRDA:390,63,0,0
BRDA:390,63,1,0
BRDA:456,64,0,0
BRDA:456,64,1,0
BRDA:490,65,0,0
BRDA:490,65,1,0
BRDA:517,66,0,0
BRDA:517,66,1,0
BRF:124
BRH:0
end_of_record
TN:
SF:src\components\OfflineIndicator.js
FN:18,(anonymous_0)
FN:22,(anonymous_1)
FN:55,(anonymous_2)
FN:60,(anonymous_3)
FN:111,(anonymous_4)
FN:115,(anonymous_5)
FN:138,(anonymous_6)
FN:141,(anonymous_7)
FN:163,(anonymous_8)
FN:168,(anonymous_9)
FN:195,(anonymous_10)
FNF:11
FNH:0
FNDA:0,(anonymous_0)
FNDA:0,(anonymous_1)
FNDA:0,(anonymous_2)
FNDA:0,(anonymous_3)
FNDA:0,(anonymous_4)
FNDA:0,(anonymous_5)
FNDA:0,(anonymous_6)
FNDA:0,(anonymous_7)
FNDA:0,(anonymous_8)
FNDA:0,(anonymous_9)
FNDA:0,(anonymous_10)
DA:15,0
DA:18,0
DA:19,0
DA:20,0
DA:22,0
DA:23,0
DA:31,0
DA:33,0
DA:55,0
DA:56,0
DA:57,0
DA:58,0
DA:60,0
DA:61,0
DA:62,0
DA:77,0
DA:81,0
DA:84,0
DA:88,0
DA:111,0
DA:112,0
DA:113,0
DA:115,0
DA:116,0
DA:123,0
DA:125,0
DA:138,0
DA:139,0
DA:141,0
DA:142,0
DA:143,0
DA:144,0
DA:147,0
DA:163,0
DA:164,0
DA:166,0
DA:168,0
DA:169,0
DA:170,0
DA:171,0
DA:172,0
DA:173,0
DA:175,0
DA:176,0
DA:177,0
DA:178,0
DA:181,0
DA:195,0
DA:196,0
DA:197,0
DA:199,0
DA:201,0
DA:235,0
LF:53
LH:0
BRDA:24,0,0,0
BRDA:24,0,1,0
BRDA:31,1,0,0
BRDA:31,1,1,0
BRDA:61,2,0,0
BRDA:61,2,1,0
BRDA:81,3,0,0
BRDA:81,3,1,0
BRDA:81,4,0,0
BRDA:81,4,1,0
BRDA:93,5,0,0
BRDA:93,5,1,0
BRDA:98,6,0,0
BRDA:98,6,1,0
BRDA:98,7,0,0
BRDA:98,7,1,0
BRDA:102,8,0,0
BRDA:102,8,1,0
BRDA:102,8,2,0
BRDA:117,9,0,0
BRDA:117,9,1,0
BRDA:123,10,0,0
BRDA:123,10,1,0
BRDA:123,11,0,0
BRDA:123,11,1,0
BRDA:130,12,0,0
BRDA:130,12,1,0
BRDA:138,13,0,0
BRDA:142,14,0,0
BRDA:142,14,1,0
BRDA:143,15,0,0
BRDA:143,15,1,0
BRDA:166,16,0,0
BRDA:166,16,1,0
BRDA:169,17,0,0
BRDA:169,17,1,0
BRDA:175,18,0,0
BRDA:175,18,1,0
BRDA:176,19,0,0
BRDA:176,19,1,0
BRDA:177,20,0,0
BRDA:177,20,1,0
BRDA:199,21,0,0
BRDA:199,21,1,0
BRDA:216,22,0,0
BRDA:216,22,1,0
BRDA:216,22,2,0
BRDA:218,23,0,0
BRDA:218,23,1,0
BRDA:219,24,0,0
BRDA:219,24,1,0
BRDA:223,25,0,0
BRDA:223,25,1,0
BRDA:228,26,0,0
BRDA:228,26,1,0
BRDA:228,27,0,0
BRDA:228,27,1,0
BRF:57
BRH:0
end_of_record
TN:
SF:src\components\SignatureCapture.js
FN:21,(anonymous_0)
FN:29,(anonymous_1)
FN:38,(anonymous_2)
FN:42,(anonymous_3)
FN:48,(anonymous_4)
FN:49,(anonymous_5)
FN:51,(anonymous_6)
FN:64,(anonymous_7)
FN:77,(anonymous_8)
FN:100,(anonymous_9)
FN:109,(anonymous_10)
FN:138,(anonymous_11)
FN:190,(anonymous_12)
FN:201,(anonymous_13)
FN:212,(anonymous_14)
FN:219,(anonymous_15)
FN:294,(anonymous_16)
FN:312,(anonymous_17)
FN:335,(anonymous_18)
FNF:19
FNH:0
FNDA:0,(anonymous_0)
FNDA:0,(anonymous_1)
FNDA:0,(anonymous_2)
FNDA:0,(anonymous_3)
FNDA:0,(anonymous_4)
FNDA:0,(anonymous_5)
FNDA:0,(anonymous_6)
FNDA:0,(anonymous_7)
FNDA:0,(anonymous_8)
FNDA:0,(anonymous_9)
FNDA:0,(anonymous_10)
FNDA:0,(anonymous_11)
FNDA:0,(anonymous_12)
FNDA:0,(anonymous_13)
FNDA:0,(anonymous_14)
FNDA:0,(anonymous_15)
FNDA:0,(anonymous_16)
FNDA:0,(anonymous_17)
FNDA:0,(anonymous_18)
DA:17,0
DA:18,0
DA:19,0
DA:21,0
DA:29,0
DA:30,0
DA:31,0
DA:32,0
DA:34,0
DA:35,0
DA:38,0
DA:39,0
DA:42,0
DA:43,0
DA:46,0
DA:48,0
DA:49,0
DA:52,0
DA:53,0
DA:54,0
DA:55,0
DA:56,0
DA:58,0
DA:59,0
DA:60,0
DA:65,0
DA:66,0
DA:67,0
DA:68,0
DA:69,0
DA:71,0
DA:72,0
DA:73,0
DA:78,0
DA:79,0
DA:80,0
DA:81,0
DA:82,0
DA:83,0
DA:84,0
DA:85,0
DA:86,0
DA:89,0
DA:90,0
DA:91,0
DA:93,0
DA:100,0
DA:101,0
DA:102,0
DA:103,0
DA:104,0
DA:105,0
DA:106,0
DA:109,0
DA:110,0
DA:111,0
DA:115,0
DA:116,0
DA:118,0
DA:120,0
DA:121,0
DA:122,0
DA:125,0
DA:127,0
DA:139,0
DA:190,0
DA:197,0
DA:198,0
DA:199,0
DA:201,0
DA:202,0
DA:203,0
DA:204,0
DA:212,0
DA:213,0
DA:214,0
DA:215,0
DA:219,0
DA:220,0
DA:223,0
DA:294,0
DA:295,0
DA:296,0
DA:304,0
DA:313,0
DA:335,0
DA:341,0
DA:379,0
LF:88
LH:0
BRDA:58,0,0,0
BRDA:58,0,1,0
BRDA:59,1,0,0
BRDA:59,1,1,0
BRDA:67,2,0,0
BRDA:67,2,1,0
BRDA:71,3,0,0
BRDA:71,3,1,0
BRDA:72,4,0,0
BRDA:72,4,1,0
BRDA:80,5,0,0
BRDA:80,5,1,0
BRDA:84,6,0,0
BRDA:84,6,1,0
BRDA:89,7,0,0
BRDA:89,7,1,0
BRDA:89,8,0,0
BRDA:89,8,1,0
BRDA:91,9,0,0
BRDA:91,9,1,0
BRDA:105,10,0,0
BRDA:105,10,1,0
BRDA:106,11,0,0
BRDA:106,11,1,0
BRDA:110,12,0,0
BRDA:110,12,1,0
BRDA:110,13,0,0
BRDA:110,13,1,0
BRDA:116,14,0,0
BRDA:116,14,1,0
BRDA:120,15,0,0
BRDA:120,15,1,0
BRDA:121,16,0,0
BRDA:121,16,1,0
BRDA:125,17,0,0
BRDA:125,17,1,0
BRDA:149,18,0,0
BRDA:149,18,1,0
BRDA:162,19,0,0
BRDA:162,19,1,0
BRDA:194,20,0,0
BRDA:195,21,0,0
BRDA:202,22,0,0
BRDA:202,22,1,0
BRDA:213,23,0,0
BRDA:213,23,1,0
BRDA:213,24,0,0
BRDA:213,24,1,0
BRDA:213,24,2,0
BRDA:265,25,0,0
BRDA:265,25,1,0
BRDA:265,25,2,0
BRDA:265,25,3,0
BRDA:268,26,0,0
BRDA:268,26,1,0
BRDA:268,26,2,0
BRDA:274,27,0,0
BRDA:274,27,1,0
BRDA:274,28,0,0
BRDA:274,28,1,0
BRDA:274,28,2,0
BRDA:295,29,0,0
BRDA:295,29,1,0
BRDA:295,30,0,0
BRDA:295,30,1,0
BRDA:295,30,2,0
BRDA:307,31,0,0
BRDA:307,31,1,0
BRDA:308,32,0,0
BRDA:308,32,1,0
BRDA:309,33,0,0
BRDA:309,33,1,0
BRDA:309,34,0,0
BRDA:309,34,1,0
BRDA:325,35,0,0
BRDA:325,35,1,0
BRDA:337,36,0,0
BRDA:338,37,0,0
BRDA:339,38,0,0
BRDA:343,39,0,0
BRDA:343,39,1,0
BRDA:350,40,0,0
BRDA:350,40,1,0
BRDA:353,41,0,0
BRDA:353,41,1,0
BRDA:355,42,0,0
BRDA:355,42,1,0
BRDA:361,43,0,0
BRDA:361,43,1,0
BRDA:363,44,0,0
BRDA:363,44,1,0
BRDA:366,45,0,0
BRDA:366,45,1,0
BRF:93
BRH:0
end_of_record
TN:
SF:src\components\index.js
FNF:0
FNH:0
LF:0
LH:0
BRF:0
BRH:0
end_of_record
TN:
SF:src\config\api.js
FN:27,(anonymous_0)
FN:40,(anonymous_1)
FN:72,(anonymous_2)
FN:128,(anonymous_3)
FN:171,(anonymous_4)
FN:177,(anonymous_5)
FN:182,(anonymous_6)
FN:201,(anonymous_7)
FN:246,(anonymous_8)
FN:261,(anonymous_9)
FN:283,(anonymous_10)
FNF:11
FNH:3
FNDA:12,(anonymous_0)
FNDA:12,(anonymous_1)
FNDA:25,(anonymous_2)
FNDA:0,(anonymous_3)
FNDA:0,(anonymous_4)
FNDA:0,(anonymous_5)
FNDA:0,(anonymous_6)
FNDA:0,(anonymous_7)
FNDA:0,(anonymous_8)
FNDA:0,(anonymous_9)
FNDA:0,(anonymous_10)
DA:27,25
DA:29,12
DA:33,12
DA:35,0
DA:36,0
DA:37,0
DA:40,25
DA:41,12
DA:42,12
DA:43,12
DA:44,12
DA:49,0
DA:50,0
DA:51,0
DA:52,0
DA:54,0
DA:55,0
DA:56,0
DA:59,0
DA:60,0
DA:61,0
DA:64,0
DA:66,0
DA:69,0
DA:72,25
DA:74,25
DA:75,25
DA:77,25
DA:78,9
DA:81,16
DA:84,12
DA:85,0
DA:86,0
DA:87,0
DA:89,0
DA:91,12
DA:95,4
DA:96,0
DA:100,4
DA:101,4
DA:105,25
DA:108,25
DA:114,25
DA:117,25
DA:118,21
DA:122,25
DA:123,25
DA:124,25
DA:127,25
DA:129,0
DA:132,0
DA:133,0
DA:134,0
DA:137,0
DA:138,0
DA:140,0
DA:141,0
DA:142,0
DA:146,0
DA:147,0
DA:148,0
DA:150,0
DA:151,0
DA:152,0
DA:153,0
DA:154,0
DA:155,0
DA:164,0
DA:165,0
DA:166,0
DA:167,0
DA:168,0
DA:171,0
DA:175,0
DA:177,0
DA:181,25
DA:184,0
DA:185,0
DA:188,0
DA:189,0
DA:190,0
DA:191,0
DA:195,0
DA:196,0
DA:199,0
DA:203,0
DA:204,0
DA:207,0
DA:210,0
DA:214,0
DA:215,0
DA:216,0
DA:219,0
DA:220,0
DA:221,0
DA:222,0
DA:223,0
DA:228,0
DA:229,0
DA:231,0
DA:235,0
DA:239,0
DA:240,0
DA:241,0
DA:243,0
DA:244,0
DA:246,0
DA:247,0
DA:250,0
DA:251,0
DA:255,0
DA:256,0
DA:257,0
DA:258,0
DA:259,0
DA:261,0
DA:262,0
DA:265,0
DA:266,0
DA:270,0
DA:271,0
DA:275,0
DA:276,0
DA:277,0
DA:280,0
DA:281,0
DA:283,0
DA:284,0
DA:287,0
LF:129
LH:29
BRDA:29,0,0,12
BRDA:29,0,1,12
BRDA:29,0,2,12
BRDA:33,1,0,12
BRDA:33,1,1,0
BRDA:37,2,0,0
BRDA:37,2,1,0
BRDA:42,3,0,12
BRDA:42,3,1,0
BRDA:49,4,0,0
BRDA:49,4,1,0
BRDA:49,5,0,0
BRDA:49,5,1,0
BRDA:51,6,0,0
BRDA:51,6,1,0
BRDA:52,7,0,0
BRDA:52,7,1,0
BRDA:54,8,0,0
BRDA:54,8,1,0
BRDA:59,9,0,0
BRDA:59,9,1,0
BRDA:59,10,0,0
BRDA:59,10,1,0
BRDA:66,11,0,0
BRDA:66,11,1,0
BRDA:75,12,0,25
BRDA:75,12,1,17
BRDA:77,13,0,9
BRDA:77,13,1,16
BRDA:81,14,0,12
BRDA:81,14,1,4
BRDA:84,15,0,0
BRDA:84,15,1,12
BRDA:86,16,0,0
BRDA:86,16,1,0
BRDA:95,17,0,0
BRDA:95,17,1,4
BRDA:105,18,0,21
BRDA:105,18,1,4
BRDA:117,19,0,21
BRDA:117,19,1,4
BRDA:132,20,0,0
BRDA:132,20,1,0
BRDA:132,21,0,0
BRDA:132,21,1,0
BRDA:133,22,0,0
BRDA:133,22,1,0
BRDA:138,23,0,0
BRDA:138,23,1,0
BRDA:146,24,0,0
BRDA:146,24,1,0
BRDA:148,25,0,0
BRDA:148,25,1,0
BRDA:153,26,0,0
BRDA:153,26,1,0
BRDA:164,27,0,0
BRDA:164,27,1,0
BRDA:165,28,0,0
BRDA:165,28,1,0
BRDA:167,29,0,0
BRDA:167,29,1,0
BRDA:184,30,0,0
BRDA:184,30,1,0
BRDA:184,31,0,0
BRDA:184,31,1,0
BRDA:190,32,0,0
BRDA:190,32,1,0
BRDA:190,33,0,0
BRDA:190,33,1,0
BRDA:195,34,0,0
BRDA:195,34,1,0
BRDA:195,35,0,0
BRDA:195,35,1,0
BRDA:195,35,2,0
BRDA:203,36,0,0
BRDA:203,36,1,0
BRDA:203,37,0,0
BRDA:203,37,1,0
BRDA:207,38,0,0
BRDA:207,38,1,0
BRDA:210,39,0,0
BRDA:210,39,1,0
BRDA:210,39,2,0
BRDA:210,39,3,0
BRDA:214,40,0,0
BRDA:214,40,1,0
BRDA:216,41,0,0
BRDA:216,41,1,0
BRDA:219,42,0,0
BRDA:219,42,1,0
BRDA:219,43,0,0
BRDA:219,43,1,0
BRDA:221,44,0,0
BRDA:221,44,1,0
BRDA:228,45,0,0
BRDA:228,45,1,0
BRDA:239,46,0,0
BRDA:239,46,1,0
BRDA:240,47,0,0
BRDA:240,47,1,0
BRDA:240,48,0,0
BRDA:240,48,1,0
BRDA:241,49,0,0
BRDA:241,49,1,0
BRDA:255,50,0,0
BRDA:255,50,1,0
BRDA:256,51,0,0
BRDA:256,51,1,0
BRDA:256,52,0,0
BRDA:256,52,1,0
BRDA:257,53,0,0
BRDA:257,53,1,0
BRDA:270,54,0,0
BRDA:270,54,1,0
BRDA:270,55,0,0
BRDA:270,55,1,0
BRDA:276,56,0,0
BRDA:276,56,1,0
BRDA:276,57,0,0
BRDA:276,57,1,0
BRDA:277,58,0,0
BRDA:277,58,1,0
BRF:122
BRH:17
end_of_record
TN:
SF:src\config\photoFix.js
FN:3,(anonymous_0)
FN:6,(anonymous_1)
FN:11,(anonymous_2)
FN:11,(anonymous_3)
FN:12,(anonymous_4)
FN:14,(anonymous_5)
FNF:6
FNH:0
FNDA:0,(anonymous_0)
FNDA:0,(anonymous_1)
FNDA:0,(anonymous_2)
FNDA:0,(anonymous_3)
FNDA:0,(anonymous_4)
FNDA:0,(anonymous_5)
DA:3,0
DA:4,0
DA:6,0
DA:9,0
DA:11,0
DA:12,0
DA:14,0
DA:15,0
DA:16,0
DA:17,0
DA:18,0
DA:20,0
LF:12
LH:0
BRDA:4,0,0,0
BRDA:4,0,1,0
BRDA:9,1,0,0
BRDA:9,1,1,0
BRDA:15,2,0,0
BRDA:15,2,1,0
BRDA:15,3,0,0
BRDA:15,3,1,0
BRDA:16,4,0,0
BRDA:16,4,1,0
BRF:10
BRH:0
end_of_record
TN:
SF:src\config\sentry.js
FN:15,(anonymous_0)
FN:34,(anonymous_1)
FN:83,(anonymous_2)
FN:86,(anonymous_3)
FN:90,(anonymous_4)
FN:104,(anonymous_5)
FN:141,(anonymous_6)
FN:160,(anonymous_7)
FN:173,(anonymous_8)
FN:186,(anonymous_9)
FN:230,(anonymous_10)
FN:240,(anonymous_11)
FN:250,(anonymous_12)
FNF:13
FNH:8
FNDA:2,(anonymous_0)
FNDA:2,(anonymous_1)
FNDA:0,(anonymous_2)
FNDA:0,(anonymous_3)
FNDA:0,(anonymous_4)
FNDA:0,(anonymous_5)
FNDA:3,(anonymous_6)
FNDA:8,(anonymous_7)
FNDA:2,(anonymous_8)
FNDA:5,(anonymous_9)
FNDA:2,(anonymous_10)
FNDA:1,(anonymous_11)
FNDA:0,(anonymous_12)
DA:15,4
DA:16,2
DA:17,2
DA:19,2
DA:34,4
DA:35,2
DA:38,2
DA:39,0
DA:40,0
DA:42,0
DA:45,2
DA:46,0
DA:47,0
DA:49,0
DA:52,2
DA:85,0
DA:86,0
DA:87,0
DA:89,0
DA:90,0
DA:91,0
DA:92,0
DA:95,0
DA:97,0
DA:102,0
DA:103,0
DA:104,0
DA:105,0
DA:106,0
DA:109,0
DA:112,0
DA:129,2
DA:130,1
DA:141,4
DA:142,3
DA:143,1
DA:144,1
DA:147,2
DA:160,4
DA:161,8
DA:173,4
DA:174,2
DA:186,4
DA:187,5
DA:188,5
DA:190,5
DA:220,5
DA:230,4
DA:231,2
DA:240,4
DA:241,1
DA:250,4
DA:251,0
LF:53
LH:30
BRDA:16,0,0,2
BRDA:16,0,1,0
BRDA:17,1,0,2
BRDA:17,1,1,0
BRDA:20,2,0,2
BRDA:20,2,1,0
BRDA:20,2,2,0
BRDA:21,3,0,2
BRDA:21,3,1,0
BRDA:21,3,2,0
BRDA:21,4,0,0
BRDA:21,4,1,0
BRDA:22,5,0,2
BRDA:22,5,1,0
BRDA:24,6,0,0
BRDA:24,6,1,0
BRDA:25,7,0,2
BRDA:25,7,1,0
BRDA:25,8,0,0
BRDA:25,8,1,0
BRDA:38,9,0,0
BRDA:38,9,1,2
BRDA:39,10,0,0
BRDA:39,10,1,0
BRDA:45,11,0,0
BRDA:45,11,1,2
BRDA:46,12,0,0
BRDA:46,12,1,0
BRDA:63,13,0,2
BRDA:63,13,1,0
BRDA:64,14,0,2
BRDA:64,14,1,2
BRDA:64,14,2,2
BRDA:85,15,0,0
BRDA:85,15,1,0
BRDA:87,16,0,0
BRDA:87,16,1,0
BRDA:91,17,0,0
BRDA:91,17,1,0
BRDA:102,18,0,0
BRDA:102,18,1,0
BRDA:102,19,0,0
BRDA:102,19,1,0
BRDA:105,20,0,0
BRDA:105,20,1,0
BRDA:129,21,0,1
BRDA:129,21,1,1
BRDA:142,22,0,1
BRDA:142,22,1,2
BRDA:160,23,0,1
BRDA:160,24,0,2
BRDA:173,25,0,1
BRDA:186,26,0,0
BRDA:187,27,0,5
BRDA:187,27,1,1
BRDA:188,28,0,5
BRDA:188,28,1,1
BRDA:204,29,0,5
BRDA:204,29,1,3
BRDA:205,30,0,5
BRDA:205,30,1,4
BRDA:223,31,0,5
BRDA:223,31,1,3
BRDA:230,32,0,1
BRDA:230,33,0,1
BRF:65
BRH:31
end_of_record
TN:
SF:src\config\theme.js
FN:256,(anonymous_0)
FN:265,(anonymous_1)
FN:274,(anonymous_2)
FN:293,(anonymous_3)
FN:403,(anonymous_4)
FNF:5
FNH:0
FNDA:0,(anonymous_0)
FNDA:0,(anonymous_1)
FNDA:0,(anonymous_2)
FNDA:0,(anonymous_3)
FNDA:0,(anonymous_4)
DA:4,0
DA:256,0
DA:257,0
DA:258,0
DA:259,0
DA:260,0
DA:261,0
DA:265,0
DA:266,0
DA:267,0
DA:268,0
DA:269,0
DA:270,0
DA:274,0
DA:275,0
DA:277,0
DA:280,0
DA:282,0
DA:284,0
DA:286,0
DA:288,0
DA:293,0
DA:294,0
DA:297,0
DA:299,0
DA:301,0
DA:303,0
DA:310,0
DA:403,0
DA:404,0
DA:405,0
DA:406,0
LF:32
LH:0
BRDA:257,0,0,0
BRDA:257,0,1,0
BRDA:258,1,0,0
BRDA:258,1,1,0
BRDA:259,2,0,0
BRDA:259,2,1,0
BRDA:260,3,0,0
BRDA:260,3,1,0
BRDA:266,4,0,0
BRDA:266,4,1,0
BRDA:267,5,0,0
BRDA:267,5,1,0
BRDA:268,6,0,0
BRDA:268,6,1,0
BRDA:269,7,0,0
BRDA:269,7,1,0
BRDA:275,8,0,0
BRDA:275,8,1,0
BRDA:275,8,2,0
BRDA:275,8,3,0
BRDA:275,8,4,0
BRDA:275,8,5,0
BRDA:275,8,6,0
BRDA:294,9,0,0
BRDA:294,9,1,0
BRDA:294,9,2,0
BRDA:294,9,3,0
BRDA:294,9,4,0
BRDA:404,10,0,0
BRDA:404,10,1,0
BRDA:404,11,0,0
BRDA:404,11,1,0
BRDA:406,12,0,0
BRDA:406,12,1,0
BRF:34
BRH:0
end_of_record
TN:
SF:src\context\AuthContext.js
FN:17,(anonymous_0)
FN:25,(anonymous_1)
FN:35,(anonymous_2)
FN:65,(anonymous_3)
FN:72,(anonymous_4)
FN:84,(anonymous_5)
FN:92,(anonymous_6)
FN:105,(anonymous_7)
FN:131,(anonymous_8)
FN:167,(anonymous_9)
FN:181,(anonymous_10)
FN:193,(anonymous_11)
FN:198,(anonymous_12)
FN:199,(anonymous_13)
FN:230,(anonymous_14)
FN:242,(anonymous_15)
FN:249,(anonymous_16)
FN:283,(anonymous_17)
FN:299,(anonymous_18)
FN:313,(anonymous_19)
FNF:20
FNH:11
FNDA:39,(anonymous_0)
FNDA:46,(anonymous_1)
FNDA:6,(anonymous_2)
FNDA:0,(anonymous_3)
FNDA:0,(anonymous_4)
FNDA:0,(anonymous_5)
FNDA:0,(anonymous_6)
FNDA:2,(anonymous_7)
FNDA:24,(anonymous_8)
FNDA:0,(anonymous_9)
FNDA:0,(anonymous_10)
FNDA:24,(anonymous_11)
FNDA:0,(anonymous_12)
FNDA:0,(anonymous_13)
FNDA:0,(anonymous_14)
FNDA:24,(anonymous_15)
FNDA:5,(anonymous_16)
FNDA:1,(anonymous_17)
FNDA:1,(anonymous_18)
FNDA:2,(anonymous_19)
DA:9,1
DA:12,1
DA:13,1
DA:14,1
DA:15,1
DA:17,1
DA:18,39
DA:19,39
DA:20,2
DA:22,37
DA:25,1
DA:26,46
DA:27,46
DA:28,46
DA:29,46
DA:30,46
DA:32,46
DA:33,46
DA:35,46
DA:36,6
DA:37,6
DA:40,3
DA:41,3
DA:43,3
DA:44,3
DA:48,3
DA:49,1
DA:50,1
DA:51,1
DA:52,1
DA:55,3
DA:56,3
DA:57,0
DA:60,3
DA:64,46
DA:65,46
DA:66,0
DA:67,0
DA:68,0
DA:70,0
DA:73,0
DA:74,0
DA:75,0
DA:76,0
DA:77,0
DA:78,0
DA:80,0
DA:81,0
DA:82,0
DA:85,0
DA:86,0
DA:87,0
DA:88,0
DA:89,0
DA:90,0
DA:93,0
DA:96,0
DA:100,46
DA:101,46
DA:105,46
DA:106,2
DA:107,1
DA:111,1
DA:112,1
DA:114,0
DA:117,1
DA:118,1
DA:119,1
DA:122,0
DA:123,0
DA:124,0
DA:127,0
DA:131,46
DA:132,24
DA:134,24
DA:135,24
DA:136,24
DA:138,24
DA:140,1
DA:141,1
DA:142,1
DA:143,1
DA:144,1
DA:145,1
DA:146,1
DA:148,23
DA:149,0
DA:151,23
DA:152,5
DA:153,5
DA:154,5
DA:158,3
DA:159,3
DA:162,24
DA:167,46
DA:168,0
DA:169,0
DA:171,0
DA:172,0
DA:175,0
DA:182,0
DA:183,0
DA:184,0
DA:193,46
DA:195,24
DA:197,24
DA:198,0
DA:200,0
DA:201,0
DA:203,0
DA:209,0
DA:210,0
DA:211,0
DA:212,0
DA:216,0
DA:220,0
DA:221,0
DA:223,0
DA:227,24
DA:230,24
DA:231,0
DA:237,0
DA:239,0
DA:242,24
DA:243,24
DA:244,24
DA:245,24
DA:249,46
DA:250,5
DA:251,5
DA:255,3
DA:256,0
DA:259,3
DA:261,3
DA:262,3
DA:263,1
DA:264,1
DA:266,3
DA:267,3
DA:268,3
DA:269,3
DA:270,3
DA:273,2
DA:275,0
DA:276,0
DA:279,2
DA:283,46
DA:284,1
DA:285,1
DA:287,1
DA:288,1
DA:289,1
DA:290,1
DA:292,1
DA:293,1
DA:294,1
DA:295,1
DA:296,1
DA:299,46
DA:301,1
DA:302,1
DA:303,1
DA:304,1
DA:305,1
DA:306,1
DA:307,1
DA:309,1
DA:313,46
DA:314,2
DA:316,2
DA:318,2
DA:320,1
DA:321,1
DA:322,1
DA:323,1
DA:324,1
DA:325,1
DA:327,0
DA:331,1
DA:332,1
DA:333,0
DA:335,1
DA:339,46
DA:352,46
LF:184
LH:128
BRDA:19,0,0,2
BRDA:19,0,1,37
BRDA:48,1,0,1
BRDA:48,1,1,2
BRDA:48,2,0,3
BRDA:48,2,1,3
BRDA:48,2,2,2
BRDA:55,3,0,3
BRDA:55,3,1,0
BRDA:55,4,0,3
BRDA:55,4,1,3
BRDA:55,4,2,3
BRDA:55,4,3,3
BRDA:56,5,0,0
BRDA:56,5,1,3
BRDA:66,6,0,0
BRDA:66,6,1,0
BRDA:67,7,0,0
BRDA:67,7,1,0
BRDA:68,8,0,0
BRDA:68,8,1,0
BRDA:73,9,0,0
BRDA:73,9,1,0
BRDA:74,10,0,0
BRDA:74,10,1,0
BRDA:76,11,0,0
BRDA:76,11,1,0
BRDA:105,12,0,1
BRDA:106,13,0,1
BRDA:106,13,1,1
BRDA:112,14,0,0
BRDA:112,14,1,1
BRDA:112,15,0,1
BRDA:112,15,1,0
BRDA:122,16,0,0
BRDA:122,16,1,0
BRDA:122,17,0,0
BRDA:122,17,1,0
BRDA:122,17,2,0
BRDA:122,17,3,0
BRDA:123,18,0,0
BRDA:123,18,1,0
BRDA:138,19,0,1
BRDA:138,19,1,23
BRDA:138,20,0,24
BRDA:138,20,1,6
BRDA:138,20,2,6
BRDA:148,21,0,0
BRDA:148,21,1,23
BRDA:151,22,0,5
BRDA:151,22,1,18
BRDA:158,23,0,3
BRDA:158,23,1,0
BRDA:158,24,0,3
BRDA:158,24,1,3
BRDA:158,24,2,3
BRDA:158,24,3,3
BRDA:168,25,0,0
BRDA:168,25,1,0
BRDA:171,26,0,0
BRDA:171,26,1,0
BRDA:203,27,0,0
BRDA:203,27,1,0
BRDA:204,28,0,0
BRDA:204,28,1,0
BRDA:204,28,2,0
BRDA:204,28,3,0
BRDA:211,29,0,0
BRDA:211,29,1,0
BRDA:220,30,0,0
BRDA:220,30,1,0
BRDA:220,31,0,0
BRDA:220,31,1,0
BRDA:231,32,0,0
BRDA:231,32,1,0
BRDA:232,33,0,0
BRDA:232,33,1,0
BRDA:232,33,2,0
BRDA:255,34,0,0
BRDA:255,34,1,3
BRDA:255,35,0,3
BRDA:255,35,1,3
BRDA:262,36,0,1
BRDA:262,36,1,2
BRDA:273,37,0,0
BRDA:273,37,1,2
BRDA:275,38,0,0
BRDA:275,38,1,0
BRDA:275,39,0,0
BRDA:275,39,1,0
BRDA:275,39,2,0
BRDA:275,39,3,0
BRDA:288,40,0,1
BRDA:288,40,1,0
BRDA:320,41,0,1
BRDA:320,41,1,0
BRDA:320,42,0,1
BRDA:320,42,1,1
BRDA:332,43,0,0
BRDA:332,43,1,1
BRF:100
BRH:42
end_of_record
TN:
SF:src\context\BiometricContext.js
FN:10,(anonymous_0)
FN:18,(anonymous_1)
FN:30,(anonymous_2)
FN:35,(anonymous_3)
FN:42,(anonymous_4)
FN:61,(anonymous_5)
FN:77,(anonymous_6)
FN:83,(anonymous_7)
FN:123,(anonymous_8)
FN:143,(anonymous_9)
FN:159,(anonymous_10)
FN:172,(anonymous_11)
FN:180,(anonymous_12)
FN:185,(anonymous_13)
FNF:14
FNH:0
FNDA:0,(anonymous_0)
FNDA:0,(anonymous_1)
FNDA:0,(anonymous_2)
FNDA:0,(anonymous_3)
FNDA:0,(anonymous_4)
FNDA:0,(anonymous_5)
FNDA:0,(anonymous_6)
FNDA:0,(anonymous_7)
FNDA:0,(anonymous_8)
FNDA:0,(anonymous_9)
FNDA:0,(anonymous_10)
FNDA:0,(anonymous_11)
FNDA:0,(anonymous_12)
FNDA:0,(anonymous_13)
DA:8,0
DA:10,0
DA:11,0
DA:12,0
DA:13,0
DA:15,0
DA:18,0
DA:19,0
DA:21,0
DA:22,0
DA:23,0
DA:24,0
DA:25,0
DA:26,0
DA:27,0
DA:30,0
DA:31,0
DA:35,0
DA:36,0
DA:37,0
DA:38,0
DA:42,0
DA:43,0
DA:44,0
DA:45,0
DA:46,0
DA:47,0
DA:48,0
DA:49,0
DA:51,0
DA:52,0
DA:54,0
DA:56,0
DA:61,0
DA:62,0
DA:63,0
DA:67,0
DA:68,0
DA:72,0
DA:73,0
DA:77,0
DA:78,0
DA:79,0
DA:83,0
DA:84,0
DA:85,0
DA:86,0
DA:89,0
DA:90,0
DA:94,0
DA:97,0
DA:98,0
DA:99,0
DA:102,0
DA:103,0
DA:104,0
DA:106,0
DA:108,0
DA:109,0
DA:110,0
DA:113,0
DA:115,0
DA:116,0
DA:118,0
DA:123,0
DA:124,0
DA:125,0
DA:126,0
DA:128,0
DA:129,0
DA:130,0
DA:133,0
DA:135,0
DA:136,0
DA:138,0
DA:143,0
DA:144,0
DA:145,0
DA:148,0
DA:149,0
DA:152,0
DA:159,0
DA:160,0
DA:161,0
DA:164,0
DA:165,0
DA:168,0
DA:172,0
DA:173,0
DA:174,0
DA:176,0
DA:180,0
DA:181,0
DA:185,0
DA:186,0
DA:187,0
DA:189,0
DA:193,0
DA:217,0
LF:99
LH:0
BRDA:12,0,0,0
BRDA:12,0,1,0
BRDA:36,1,0,0
BRDA:36,1,1,0
BRDA:67,2,0,0
BRDA:67,2,1,0
BRDA:84,3,0,0
BRDA:84,3,1,0
BRDA:89,4,0,0
BRDA:89,4,1,0
BRDA:92,5,0,0
BRDA:92,5,1,0
BRDA:97,6,0,0
BRDA:97,6,1,0
BRDA:106,7,0,0
BRDA:106,7,1,0
BRDA:106,8,0,0
BRDA:106,8,1,0
BRDA:128,9,0,0
BRDA:128,9,1,0
BRDA:130,10,0,0
BRDA:130,10,1,0
BRDA:143,11,0,0
BRDA:144,12,0,0
BRDA:144,12,1,0
BRDA:144,13,0,0
BRDA:144,13,1,0
BRDA:148,14,0,0
BRDA:148,14,1,0
BRDA:153,15,0,0
BRDA:153,15,1,0
BRDA:160,16,0,0
BRDA:160,16,1,0
BRDA:164,17,0,0
BRDA:164,17,1,0
BRDA:173,18,0,0
BRDA:173,18,1,0
BRDA:186,19,0,0
BRDA:186,19,1,0
BRDA:204,20,0,0
BRDA:204,20,1,0
BRDA:204,20,2,0
BRF:42
BRH:0
end_of_record
TN:
SF:src\context\LocationContext.js
FN:7,(anonymous_0)
FN:15,(anonymous_1)
FN:24,(anonymous_2)
FN:25,(anonymous_3)
FN:37,(anonymous_4)
FN:51,(anonymous_5)
FN:66,(anonymous_6)
FN:82,(anonymous_7)
FN:99,(anonymous_8)
FN:100,(anonymous_9)
FN:112,(anonymous_10)
FN:118,(anonymous_11)
FN:147,(anonymous_12)
FN:152,(anonymous_13)
FN:171,(anonymous_14)
FN:183,(anonymous_15)
FN:188,(anonymous_16)
FN:196,(anonymous_17)
FN:201,(anonymous_18)
FNF:19
FNH:0
FNDA:0,(anonymous_0)
FNDA:0,(anonymous_1)
FNDA:0,(anonymous_2)
FNDA:0,(anonymous_3)
FNDA:0,(anonymous_4)
FNDA:0,(anonymous_5)
FNDA:0,(anonymous_6)
FNDA:0,(anonymous_7)
FNDA:0,(anonymous_8)
FNDA:0,(anonymous_9)
FNDA:0,(anonymous_10)
FNDA:0,(anonymous_11)
FNDA:0,(anonymous_12)
FNDA:0,(anonymous_13)
FNDA:0,(anonymous_14)
FNDA:0,(anonymous_15)
FNDA:0,(anonymous_16)
FNDA:0,(anonymous_17)
FNDA:0,(anonymous_18)
DA:5,0
DA:7,0
DA:8,0
DA:9,0
DA:10,0
DA:12,0
DA:15,0
DA:16,0
DA:17,0
DA:18,0
DA:19,0
DA:20,0
DA:21,0
DA:24,0
DA:25,0
DA:26,0
DA:27,0
DA:29,0
DA:30,0
DA:33,0
DA:37,0
DA:38,0
DA:39,0
DA:41,0
DA:42,0
DA:43,0
DA:45,0
DA:46,0
DA:51,0
DA:56,0
DA:58,0
DA:59,0
DA:61,0
DA:66,0
DA:67,0
DA:68,0
DA:70,0
DA:71,0
DA:73,0
DA:74,0
DA:75,0
DA:76,0
DA:77,0
DA:82,0
DA:86,0
DA:89,0
DA:91,0
DA:92,0
DA:94,0
DA:99,0
DA:100,0
DA:101,0
DA:104,0
DA:105,0
DA:108,0
DA:112,0
DA:113,0
DA:114,0
DA:118,0
DA:119,0
DA:120,0
DA:122,0
DA:123,0
DA:129,0
DA:130,0
DA:133,0
DA:134,0
DA:137,0
DA:139,0
DA:140,0
DA:142,0
DA:147,0
DA:148,0
DA:152,0
DA:153,0
DA:155,0
DA:156,0
DA:158,0
DA:159,0
DA:162,0
DA:164,0
DA:166,0
DA:171,0
DA:172,0
DA:173,0
DA:175,0
DA:176,0
DA:179,0
DA:183,0
DA:184,0
DA:188,0
DA:189,0
DA:191,0
DA:196,0
DA:197,0
DA:201,0
DA:202,0
DA:205,0
DA:228,0
LF:99
LH:0
BRDA:9,0,0,0
BRDA:9,0,1,0
BRDA:45,1,0,0
BRDA:45,1,1,0
BRDA:66,2,0,0
BRDA:67,3,0,0
BRDA:67,3,1,0
BRDA:73,4,0,0
BRDA:73,4,1,0
BRDA:75,5,0,0
BRDA:75,5,1,0
BRDA:94,6,0,0
BRDA:94,6,1,0
BRDA:104,7,0,0
BRDA:104,7,1,0
BRDA:129,8,0,0
BRDA:129,8,1,0
BRDA:133,9,0,0
BRDA:133,9,1,0
BRDA:152,10,0,0
BRDA:158,11,0,0
BRDA:158,11,1,0
BRDA:175,12,0,0
BRDA:175,12,1,0
BRDA:184,13,0,0
BRDA:184,13,1,0
BRDA:196,14,0,0
BRF:27
BRH:0
end_of_record
TN:
SF:src\context\NetworkContext.js
FN:6,(anonymous_0)
FN:14,(anonymous_1)
FN:20,(anonymous_2)
FN:22,(anonymous_3)
FN:45,(anonymous_4)
FN:54,(anonymous_5)
FN:58,(anonymous_6)
FN:70,(anonymous_7)
FNF:8
FNH:8
FNDA:40,(anonymous_0)
FNDA:38,(anonymous_1)
FNDA:16,(anonymous_2)
FNDA:5,(anonymous_3)
FNDA:16,(anonymous_4)
FNDA:16,(anonymous_5)
FNDA:2,(anonymous_6)
FNDA:7,(anonymous_7)
DA:4,1
DA:6,1
DA:7,40
DA:8,40
DA:9,2
DA:11,38
DA:14,1
DA:15,38
DA:16,38
DA:17,38
DA:18,38
DA:20,38
DA:22,16
DA:23,5
DA:24,5
DA:26,5
DA:27,5
DA:28,5
DA:30,5
DA:31,3
DA:35,5
DA:36,1
DA:45,16
DA:46,16
DA:47,16
DA:48,16
DA:49,16
DA:50,11
DA:54,16
DA:58,38
DA:59,2
DA:60,2
DA:61,2
DA:62,2
DA:63,2
DA:67,38
DA:70,38
DA:71,7
DA:72,6
DA:73,5
DA:74,4
DA:77,38
DA:87,38
LF:43
LH:43
BRDA:8,0,0,2
BRDA:8,0,1,38
BRDA:24,1,0,5
BRDA:24,1,1,3
BRDA:30,2,0,3
BRDA:30,2,1,2
BRDA:35,3,0,1
BRDA:35,3,1,4
BRDA:49,4,0,11
BRDA:49,4,1,5
BRDA:49,5,0,16
BRDA:49,5,1,12
BRDA:63,6,0,2
BRDA:63,6,1,1
BRDA:67,7,0,38
BRDA:67,7,1,31
BRDA:71,8,0,1
BRDA:71,8,1,6
BRDA:72,9,0,1
BRDA:72,9,1,5
BRDA:73,10,0,1
BRDA:73,10,1,4
BRF:22
BRH:22
end_of_record
TN:
SF:src\context\NotificationContext.js
FN:7,(anonymous_0)
FN:15,(anonymous_1)
FN:23,(anonymous_2)
FN:24,(anonymous_3)
FN:38,(anonymous_4)
FN:44,(anonymous_5)
FN:47,(anonymous_6)
FN:55,(anonymous_7)
FN:68,(anonymous_8)
FN:76,(anonymous_9)
FN:85,(anonymous_10)
FN:90,(anonymous_11)
FN:104,(anonymous_12)
FN:115,(anonymous_13)
FN:120,(anonymous_14)
FN:129,(anonymous_15)
FN:138,(anonymous_16)
FN:145,(anonymous_17)
FN:150,(anonymous_18)
FN:155,(anonymous_19)
FNF:20
FNH:0
FNDA:0,(anonymous_0)
FNDA:0,(anonymous_1)
FNDA:0,(anonymous_2)
FNDA:0,(anonymous_3)
FNDA:0,(anonymous_4)
FNDA:0,(anonymous_5)
FNDA:0,(anonymous_6)
FNDA:0,(anonymous_7)
FNDA:0,(anonymous_8)
FNDA:0,(anonymous_9)
FNDA:0,(anonymous_10)
FNDA:0,(anonymous_11)
FNDA:0,(anonymous_12)
FNDA:0,(anonymous_13)
FNDA:0,(anonymous_14)
FNDA:0,(anonymous_15)
FNDA:0,(anonymous_16)
FNDA:0,(anonymous_17)
FNDA:0,(anonymous_18)
FNDA:0,(anonymous_19)
DA:5,0
DA:7,0
DA:8,0
DA:9,0
DA:10,0
DA:12,0
DA:15,0
DA:16,0
DA:17,0
DA:18,0
DA:19,0
DA:20,0
DA:23,0
DA:24,0
DA:25,0
DA:26,0
DA:27,0
DA:30,0
DA:31,0
DA:33,0
DA:36,0
DA:38,0
DA:39,0
DA:44,0
DA:45,0
DA:47,0
DA:48,0
DA:55,0
DA:56,0
DA:63,0
DA:68,0
DA:69,0
DA:76,0
DA:77,0
DA:78,0
DA:79,0
DA:81,0
DA:85,0
DA:86,0
DA:90,0
DA:91,0
DA:96,0
DA:97,0
DA:100,0
DA:104,0
DA:105,0
DA:107,0
DA:108,0
DA:111,0
DA:115,0
DA:116,0
DA:120,0
DA:121,0
DA:122,0
DA:123,0
DA:125,0
DA:129,0
DA:130,0
DA:131,0
DA:132,0
DA:134,0
DA:138,0
DA:139,0
DA:140,0
DA:141,0
DA:145,0
DA:146,0
DA:150,0
DA:151,0
DA:155,0
DA:156,0
DA:163,0
DA:185,0
LF:73
LH:0
BRDA:9,0,0,0
BRDA:9,0,1,0
BRDA:26,1,0,0
BRDA:26,1,1,0
BRDA:45,2,0,0
BRDA:45,2,1,0
BRDA:69,3,0,0
BRDA:69,3,1,0
BRDA:78,4,0,0
BRDA:78,4,1,0
BRDA:93,5,0,0
BRDA:93,5,1,0
BRDA:93,5,2,0
BRDA:96,6,0,0
BRDA:96,6,1,0
BRDA:107,7,0,0
BRDA:107,7,1,0
BRDA:122,8,0,0
BRDA:122,8,1,0
BRDA:131,9,0,0
BRDA:131,9,1,0
BRDA:155,10,0,0
BRF:22
BRH:0
end_of_record
TN:
SF:src\context\OfflineContext.js
FN:9,(anonymous_0)
FN:17,(anonymous_1)
FN:31,(anonymous_2)
FN:37,(anonymous_3)
FN:38,(anonymous_4)
FN:80,(anonymous_5)
FN:84,(anonymous_6)
FN:89,(anonymous_7)
FN:92,(anonymous_8)
FN:95,(anonymous_9)
FN:100,(anonymous_10)
FN:101,(anonymous_11)
FN:107,(anonymous_12)
FN:111,(anonymous_13)
FN:122,(anonymous_14)
FN:130,(anonymous_15)
FN:137,(anonymous_16)
FN:144,(anonymous_17)
FN:149,(anonymous_18)
FN:154,(anonymous_19)
FN:159,(anonymous_20)
FN:164,(anonymous_21)
FNF:22
FNH:0
FNDA:0,(anonymous_0)
FNDA:0,(anonymous_1)
FNDA:0,(anonymous_2)
FNDA:0,(anonymous_3)
FNDA:0,(anonymous_4)
FNDA:0,(anonymous_5)
FNDA:0,(anonymous_6)
FNDA:0,(anonymous_7)
FNDA:0,(anonymous_8)
FNDA:0,(anonymous_9)
FNDA:0,(anonymous_10)
FNDA:0,(anonymous_11)
FNDA:0,(anonymous_12)
FNDA:0,(anonymous_13)
FNDA:0,(anonymous_14)
FNDA:0,(anonymous_15)
FNDA:0,(anonymous_16)
FNDA:0,(anonymous_17)
FNDA:0,(anonymous_18)
FNDA:0,(anonymous_19)
FNDA:0,(anonymous_20)
FNDA:0,(anonymous_21)
DA:7,0
DA:9,0
DA:10,0
DA:11,0
DA:12,0
DA:14,0
DA:17,0
DA:18,0
DA:19,0
DA:20,0
DA:21,0
DA:28,0
DA:31,0
DA:32,0
DA:33,0
DA:37,0
DA:38,0
DA:39,0
DA:41,0
DA:42,0
DA:43,0
DA:45,0
DA:46,0
DA:48,0
DA:49,0
DA:51,0
DA:52,0
DA:54,0
DA:55,0
DA:57,0
DA:58,0
DA:59,0
DA:60,0
DA:61,0
DA:63,0
DA:64,0
DA:65,0
DA:67,0
DA:68,0
DA:70,0
DA:71,0
DA:73,0
DA:74,0
DA:76,0
DA:80,0
DA:84,0
DA:85,0
DA:89,0
DA:90,0
DA:92,0
DA:93,0
DA:95,0
DA:100,0
DA:101,0
DA:102,0
DA:103,0
DA:107,0
DA:111,0
DA:112,0
DA:113,0
DA:115,0
DA:116,0
DA:118,0
DA:122,0
DA:123,0
DA:124,0
DA:126,0
DA:130,0
DA:131,0
DA:132,0
DA:133,0
DA:137,0
DA:138,0
DA:139,0
DA:140,0
DA:144,0
DA:145,0
DA:149,0
DA:150,0
DA:154,0
DA:155,0
DA:159,0
DA:160,0
DA:164,0
DA:165,0
DA:166,0
DA:167,0
DA:170,0
DA:192,0
LF:89
LH:0
BRDA:11,0,0,0
BRDA:11,0,1,0
BRDA:39,1,0,0
BRDA:39,1,1,0
BRDA:39,1,2,0
BRDA:39,1,3,0
BRDA:39,1,4,0
BRDA:39,1,5,0
BRDA:39,1,6,0
BRDA:39,1,7,0
BRDA:39,1,8,0
BRDA:39,1,9,0
BRDA:39,1,10,0
BRDA:90,2,0,0
BRDA:90,2,1,0
BRDA:90,3,0,0
BRDA:90,3,1,0
BRDA:90,3,2,0
BRDA:102,4,0,0
BRDA:102,4,1,0
BRDA:102,5,0,0
BRDA:102,5,1,0
BRDA:102,5,2,0
BRDA:102,5,3,0
BRDA:112,6,0,0
BRDA:112,6,1,0
BRDA:115,7,0,0
BRDA:115,7,1,0
BRDA:123,8,0,0
BRDA:123,8,1,0
BRF:30
BRH:0
end_of_record
TN:
SF:src\hooks\useAuditData.js
FN:12,(anonymous_0)
FN:20,(anonymous_1)
FN:41,(anonymous_2)
FN:48,(anonymous_3)
FN:54,(anonymous_4)
FN:58,(anonymous_5)
FN:69,(anonymous_6)
FN:70,(anonymous_7)
FN:73,(anonymous_8)
FN:74,(anonymous_9)
FNF:10
FNH:0
FNDA:0,(anonymous_0)
FNDA:0,(anonymous_1)
FNDA:0,(anonymous_2)
FNDA:0,(anonymous_3)
FNDA:0,(anonymous_4)
FNDA:0,(anonymous_5)
FNDA:0,(anonymous_6)
FNDA:0,(anonymous_7)
FNDA:0,(anonymous_8)
FNDA:0,(anonymous_9)
DA:12,0
DA:13,0
DA:14,0
DA:15,0
DA:16,0
DA:17,0
DA:20,0
DA:21,0
DA:23,0
DA:24,0
DA:25,0
DA:32,0
DA:34,0
DA:36,0
DA:41,0
DA:42,0
DA:43,0
DA:44,0
DA:47,0
DA:48,0
DA:50,0
DA:54,0
DA:55,0
DA:58,0
DA:59,0
DA:60,0
DA:61,0
DA:63,0
DA:65,0
DA:69,0
DA:70,0
DA:73,0
DA:74,0
DA:77,0
LF:34
LH:0
BRDA:21,0,0,0
BRDA:21,0,1,0
BRDA:34,1,0,0
BRDA:34,1,1,0
BRDA:42,2,0,0
BRDA:42,2,1,0
BRDA:42,3,0,0
BRDA:42,3,1,0
BRF:8
BRH:0
end_of_record
TN:
SF:src\hooks\useCategoryNavigation.js
FN:14,(anonymous_0)
FN:19,(anonymous_1)
FN:29,(anonymous_2)
FN:35,(anonymous_3)
FN:40,(anonymous_4)
FN:44,(anonymous_5)
FN:45,(anonymous_6)
FN:48,(anonymous_7)
FN:49,(anonymous_8)
FN:52,(anonymous_9)
FN:56,(anonymous_10)
FN:61,(anonymous_11)
FNF:12
FNH:0
FNDA:0,(anonymous_0)
FNDA:0,(anonymous_1)
FNDA:0,(anonymous_2)
FNDA:0,(anonymous_3)
FNDA:0,(anonymous_4)
FNDA:0,(anonymous_5)
FNDA:0,(anonymous_6)
FNDA:0,(anonymous_7)
FNDA:0,(anonymous_8)
FNDA:0,(anonymous_9)
FNDA:0,(anonymous_10)
FNDA:0,(anonymous_11)
DA:14,0
DA:15,0
DA:16,0
DA:19,0
DA:20,0
DA:22,0
DA:23,0
DA:24,0
DA:25,0
DA:29,0
DA:30,0
DA:31,0
DA:32,0
DA:35,0
DA:36,0
DA:37,0
DA:40,0
DA:41,0
DA:44,0
DA:45,0
DA:48,0
DA:49,0
DA:52,0
DA:53,0
DA:56,0
DA:57,0
DA:58,0
DA:61,0
DA:62,0
DA:63,0
DA:69,0
LF:31
LH:0
BRDA:20,0,0,0
BRDA:20,0,1,0
BRDA:20,1,0,0
BRDA:20,1,1,0
BRDA:23,2,0,0
BRDA:23,2,1,0
BRDA:30,3,0,0
BRDA:30,3,1,0
BRDA:57,4,0,0
BRDA:57,4,1,0
BRDA:62,5,0,0
BRDA:62,5,1,0
BRF:12
BRH:0
end_of_record
TN:
SF:src\navigation\AppStack.js
FN:51,(anonymous_0)
FN:68,(anonymous_1)
FN:90,(anonymous_2)
FN:107,(anonymous_3)
FN:135,(anonymous_4)
FN:148,(anonymous_5)
FN:167,(anonymous_6)
FN:168,(anonymous_7)
FNF:8
FNH:0
FNDA:0,(anonymous_0)
FNDA:0,(anonymous_1)
FNDA:0,(anonymous_2)
FNDA:0,(anonymous_3)
FNDA:0,(anonymous_4)
FNDA:0,(anonymous_5)
FNDA:0,(anonymous_6)
FNDA:0,(anonymous_7)
DA:19,0
DA:20,0
DA:22,0
DA:31,0
DA:51,0
DA:52,0
DA:68,0
DA:69,0
DA:90,0
DA:91,0
DA:107,0
DA:108,0
DA:135,0
DA:136,0
DA:148,0
DA:149,0
DA:150,0
DA:152,0
DA:156,0
DA:159,0
DA:164,0
DA:167,0
DA:171,0
DA:172,0
DA:173,0
DA:174,0
DA:175,0
DA:176,0
DA:177,0
DA:178,0
DA:179,0
DA:180,0
DA:183,0
DA:207,0
LF:34
LH:0
BRDA:22,0,0,0
BRDA:22,0,1,0
BRDA:141,1,0,0
BRDA:141,1,1,0
BRDA:143,2,0,0
BRDA:143,2,1,0
BRDA:150,3,0,0
BRDA:150,3,1,0
BRDA:152,4,0,0
BRDA:152,4,1,0
BRDA:152,4,2,0
BRDA:152,4,3,0
BRDA:156,5,0,0
BRDA:156,5,1,0
BRDA:156,5,2,0
BRDA:159,6,0,0
BRDA:159,6,1,0
BRDA:159,6,2,0
BRDA:159,6,3,0
BRDA:171,7,0,0
BRDA:171,7,1,0
BRDA:173,8,0,0
BRDA:173,8,1,0
BRDA:175,9,0,0
BRDA:175,9,1,0
BRDA:177,10,0,0
BRDA:177,10,1,0
BRDA:179,11,0,0
BRDA:179,11,1,0
BRDA:193,12,0,0
BRDA:193,12,1,0
BRDA:196,13,0,0
BRDA:196,13,1,0
BRDA:199,14,0,0
BRDA:199,14,1,0
BRDA:213,15,0,0
BRDA:213,15,1,0
BRDA:214,16,0,0
BRDA:214,16,1,0
BRF:39
BRH:0
end_of_record
TN:
SF:src\navigation\AuthStack.js
FN:9,(anonymous_0)
FNF:1
FNH:0
FNDA:0,(anonymous_0)
DA:7,0
DA:9,0
DA:10,0
LF:3
LH:0
BRF:0
BRH:0
end_of_record
TN:
SF:src\screens\AuditDetailScreen.js
FN:22,(anonymous_0)
FN:33,(anonymous_1)
FN:38,(anonymous_2)
FN:39,(anonymous_3)
FN:50,(anonymous_4)
FN:59,(anonymous_5)
FN:82,(anonymous_6)
FN:95,(anonymous_7)
FN:110,(anonymous_8)
FN:127,(anonymous_9)
FN:157,(anonymous_10)
FN:245,(anonymous_11)
FN:318,(anonymous_12)
FN:367,(anonymous_13)
FN:431,(anonymous_14)
FN:514,(anonymous_15)
FN:531,(anonymous_16)
FN:555,(anonymous_17)
FNF:18
FNH:0
FNDA:0,(anonymous_0)
FNDA:0,(anonymous_1)
FNDA:0,(anonymous_2)
FNDA:0,(anonymous_3)
FNDA:0,(anonymous_4)
FNDA:0,(anonymous_5)
FNDA:0,(anonymous_6)
FNDA:0,(anonymous_7)
FNDA:0,(anonymous_8)
FNDA:0,(anonymous_9)
FNDA:0,(anonymous_10)
FNDA:0,(anonymous_11)
FNDA:0,(anonymous_12)
FNDA:0,(anonymous_13)
FNDA:0,(anonymous_14)
FNDA:0,(anonymous_15)
FNDA:0,(anonymous_16)
FNDA:0,(anonymous_17)
DA:22,0
DA:23,0
DA:24,0
DA:25,0
DA:26,0
DA:27,0
DA:28,0
DA:29,0
DA:30,0
DA:31,0
DA:33,0
DA:34,0
DA:38,0
DA:39,0
DA:42,0
DA:43,0
DA:46,0
DA:50,0
DA:51,0
DA:52,0
DA:53,0
DA:55,0
DA:59,0
DA:60,0
DA:61,0
DA:62,0
DA:63,0
DA:64,0
DA:67,0
DA:68,0
DA:69,0
DA:70,0
DA:72,0
DA:76,0
DA:78,0
DA:82,0
DA:83,0
DA:85,0
DA:87,0
DA:89,0
DA:91,0
DA:95,0
DA:96,0
DA:98,0
DA:100,0
DA:102,0
DA:104,0
DA:106,0
DA:110,0
DA:111,0
DA:113,0
DA:115,0
DA:117,0
DA:119,0
DA:121,0
DA:127,0
DA:128,0
DA:130,0
DA:132,0
DA:134,0
DA:136,0
DA:140,0
DA:141,0
DA:148,0
DA:149,0
DA:156,0
DA:157,0
DA:158,0
DA:159,0
DA:160,0
DA:161,0
DA:164,0
DA:165,0
DA:166,0
DA:167,0
DA:170,0
DA:174,0
DA:178,0
DA:247,0
DA:248,0
DA:250,0
DA:251,0
DA:253,0
DA:255,0
DA:257,0
DA:258,0
DA:265,0
DA:267,0
DA:268,0
DA:273,0
DA:277,0
DA:282,0
DA:286,0
DA:288,0
DA:293,0
DA:298,0
DA:319,0
DA:369,0
DA:370,0
DA:371,0
DA:373,0
DA:398,0
DA:433,0
DA:434,0
DA:435,0
DA:437,0
DA:439,0
DA:440,0
DA:442,0
DA:443,0
DA:445,0
DA:446,0
DA:450,0
DA:456,0
DA:457,0
DA:515,0
DA:516,0
DA:517,0
DA:518,0
DA:519,0
DA:532,0
DA:535,0
DA:536,0
DA:540,0
DA:541,0
DA:545,0
DA:546,0
DA:547,0
DA:549,0
DA:556,0
DA:579,0
LF:131
LH:0
BRDA:51,0,0,0
BRDA:51,0,1,0
BRDA:51,1,0,0
BRDA:51,1,1,0
BRDA:63,2,0,0
BRDA:63,2,1,0
BRDA:64,3,0,0
BRDA:64,3,1,0
BRDA:67,4,0,0
BRDA:67,4,1,0
BRDA:83,5,0,0
BRDA:83,5,1,0
BRDA:83,5,2,0
BRDA:83,5,3,0
BRDA:96,6,0,0
BRDA:96,6,1,0
BRDA:96,6,2,0
BRDA:96,6,3,0
BRDA:96,6,4,0
BRDA:111,7,0,0
BRDA:111,7,1,0
BRDA:111,7,2,0
BRDA:111,7,3,0
BRDA:111,7,4,0
BRDA:128,8,0,0
BRDA:128,8,1,0
BRDA:128,8,2,0
BRDA:128,8,3,0
BRDA:140,9,0,0
BRDA:140,9,1,0
BRDA:148,10,0,0
BRDA:148,10,1,0
BRDA:156,11,0,0
BRDA:156,11,1,0
BRDA:156,12,0,0
BRDA:156,12,1,0
BRDA:159,13,0,0
BRDA:159,13,1,0
BRDA:159,13,2,0
BRDA:161,14,0,0
BRDA:161,14,1,0
BRDA:161,14,2,0
BRDA:165,15,0,0
BRDA:165,15,1,0
BRDA:167,16,0,0
BRDA:167,16,1,0
BRDA:167,16,2,0
BRDA:167,16,3,0
BRDA:167,16,4,0
BRDA:170,17,0,0
BRDA:170,17,1,0
BRDA:171,18,0,0
BRDA:171,18,1,0
BRDA:172,19,0,0
BRDA:172,19,1,0
BRDA:174,20,0,0
BRDA:174,20,1,0
BRDA:187,21,0,0
BRDA:187,21,1,0
BRDA:199,22,0,0
BRDA:199,22,1,0
BRDA:202,23,0,0
BRDA:202,23,1,0
BRDA:216,24,0,0
BRDA:216,24,1,0
BRDA:216,25,0,0
BRDA:216,25,1,0
BRDA:221,26,0,0
BRDA:221,26,1,0
BRDA:221,26,2,0
BRDA:241,27,0,0
BRDA:241,27,1,0
BRDA:247,28,0,0
BRDA:247,28,1,0
BRDA:253,29,0,0
BRDA:253,29,1,0
BRDA:253,30,0,0
BRDA:253,30,1,0
BRDA:253,30,2,0
BRDA:257,31,0,0
BRDA:257,31,1,0
BRDA:267,32,0,0
BRDA:267,32,1,0
BRDA:270,33,0,0
BRDA:270,33,1,0
BRDA:315,34,0,0
BRDA:315,34,1,0
BRDA:315,34,2,0
BRDA:315,34,3,0
BRDA:315,34,4,0
BRDA:324,35,0,0
BRDA:324,35,1,0
BRDA:324,36,0,0
BRDA:324,36,1,0
BRDA:330,37,0,0
BRDA:330,37,1,0
BRDA:330,38,0,0
BRDA:330,38,1,0
BRDA:337,39,0,0
BRDA:337,39,1,0
BRDA:346,40,0,0
BRDA:346,40,1,0
BRDA:350,41,0,0
BRDA:350,41,1,0
BRDA:355,42,0,0
BRDA:355,42,1,0
BRDA:364,43,0,0
BRDA:364,43,1,0
BRDA:371,44,0,0
BRDA:371,44,1,0
BRDA:371,45,0,0
BRDA:371,45,1,0
BRDA:371,45,2,0
BRDA:375,46,0,0
BRDA:375,46,1,0
BRDA:381,47,0,0
BRDA:381,47,1,0
BRDA:387,48,0,0
BRDA:387,48,1,0
BRDA:387,48,2,0
BRDA:387,48,3,0
BRDA:404,49,0,0
BRDA:404,49,1,0
BRDA:404,49,2,0
BRDA:409,50,0,0
BRDA:409,50,1,0
BRDA:435,51,0,0
BRDA:435,51,1,0
BRDA:437,52,0,0
BRDA:437,52,1,0
BRDA:442,53,0,0
BRDA:442,53,1,0
BRDA:445,54,0,0
BRDA:445,54,1,0
BRDA:456,55,0,0
BRDA:456,55,1,0
BRDA:456,55,2,0
BRDA:470,56,0,0
BRDA:470,56,1,0
BRDA:475,57,0,0
BRDA:475,57,1,0
BRDA:475,57,2,0
BRDA:477,58,0,0
BRDA:477,58,1,0
BRDA:484,59,0,0
BRDA:484,59,1,0
BRDA:486,60,0,0
BRDA:486,60,1,0
BRDA:493,61,0,0
BRDA:493,61,1,0
BRDA:500,62,0,0
BRDA:500,62,1,0
BRDA:502,63,0,0
BRDA:502,63,1,0
BRDA:507,64,0,0
BRDA:507,64,1,0
BRDA:514,65,0,0
BRDA:514,65,1,0
BRDA:514,65,2,0
BRDA:514,65,3,0
BRDA:515,66,0,0
BRDA:515,66,1,0
BRDA:517,67,0,0
BRDA:517,67,1,0
BRDA:518,68,0,0
BRDA:518,68,1,0
BRDA:527,69,0,0
BRDA:527,69,1,0
BRDA:535,70,0,0
BRDA:535,70,1,0
BRDA:540,71,0,0
BRDA:540,71,1,0
BRDA:540,72,0,0
BRDA:540,72,1,0
BRDA:546,73,0,0
BRDA:546,73,1,0
BRDA:569,74,0,0
BRDA:569,74,1,0
BRF:178
BRH:0
end_of_record
TN:
SF:src\screens\AuditFormScreen.js
FN:45,(anonymous_0)
FN:51,(anonymous_1)
FN:154,(anonymous_2)
FN:157,(anonymous_3)
FN:160,(anonymous_4)
FN:163,(anonymous_5)
FN:167,(anonymous_6)
FN:176,(anonymous_7)
FN:183,(anonymous_8)
FN:185,(anonymous_9)
FN:194,(anonymous_10)
FN:200,(anonymous_11)
FN:202,(anonymous_12)
FN:218,(anonymous_13)
FN:238,(anonymous_14)
FN:239,(anonymous_15)
FN:250,(anonymous_16)
FN:259,(anonymous_17)
FN:264,(anonymous_18)
FN:269,(anonymous_19)
FN:282,(anonymous_20)
FN:297,(anonymous_21)
FN:312,(anonymous_22)
FN:316,(anonymous_23)
FN:320,(anonymous_24)
FN:333,(anonymous_25)
FN:352,(anonymous_26)
FN:377,(anonymous_27)
FN:383,(anonymous_28)
FN:389,(anonymous_29)
FN:393,(anonymous_30)
FN:407,(anonymous_31)
FN:410,(anonymous_32)
FN:414,(anonymous_33)
FN:428,(anonymous_34)
FN:439,(anonymous_35)
FN:499,(anonymous_36)
FN:508,(anonymous_37)
FN:522,(anonymous_38)
FN:533,(anonymous_39)
FN:554,(anonymous_40)
FN:599,(anonymous_41)
FN:614,(anonymous_42)
FN:631,(anonymous_43)
FN:647,(anonymous_44)
FN:711,(anonymous_45)
FN:740,(anonymous_46)
FN:775,(anonymous_47)
FN:786,(anonymous_48)
FN:793,(anonymous_49)
FN:795,(anonymous_50)
FN:833,(anonymous_51)
FN:851,(anonymous_52)
FN:877,(anonymous_53)
FN:896,(anonymous_54)
FN:965,(anonymous_55)
FN:975,(anonymous_56)
FN:982,(anonymous_57)
FN:989,(anonymous_58)
FN:996,(anonymous_59)
FN:1013,(anonymous_60)
FN:1015,(anonymous_61)
FN:1029,(anonymous_62)
FN:1039,(anonymous_63)
FN:1047,(anonymous_64)
FN:1066,(anonymous_65)
FN:1104,(anonymous_66)
FN:1109,(anonymous_67)
FN:1119,(anonymous_68)
FN:1153,(anonymous_69)
FN:1207,(anonymous_70)
FN:1212,(anonymous_71)
FN:1212,(anonymous_72)
FN:1225,(anonymous_73)
FN:1265,(anonymous_74)
FN:1266,(anonymous_75)
FN:1273,(anonymous_76)
FN:1286,(anonymous_77)
FN:1324,(anonymous_78)
FN:1345,(anonymous_79)
FN:1352,(anonymous_80)
FN:1355,(anonymous_81)
FN:1359,(anonymous_82)
FN:1362,(anonymous_83)
FN:1369,(anonymous_84)
FN:1374,(anonymous_85)
FN:1381,(anonymous_86)
FN:1384,(anonymous_87)
FN:1394,(anonymous_88)
FN:1398,(anonymous_89)
FN:1400,(anonymous_90)
FN:1401,(anonymous_91)
FN:1404,(anonymous_92)
FN:1411,(anonymous_93)
FN:1428,(anonymous_94)
FN:1451,(anonymous_95)
FN:1456,(anonymous_96)
FN:1460,(anonymous_97)
FN:1462,(anonymous_98)
FN:1464,(anonymous_99)
FN:1465,(anonymous_100)
FN:1491,(anonymous_101)
FN:1496,(anonymous_102)
FN:1497,(anonymous_103)
FN:1501,(anonymous_104)
FN:1503,(anonymous_105)
FN:1505,(anonymous_106)
FN:1506,(anonymous_107)
FN:1532,(anonymous_108)
FN:1537,(anonymous_109)
FN:1540,(anonymous_110)
FN:1545,(anonymous_111)
FN:1551,(anonymous_112)
FN:1556,(anonymous_113)
FN:1565,(anonymous_114)
FN:1569,(anonymous_115)
FN:1577,(anonymous_116)
FN:1595,(anonymous_117)
FN:1618,(anonymous_118)
FN:1627,(anonymous_119)
FN:1641,(anonymous_120)
FN:1670,(anonymous_121)
FN:1688,(anonymous_122)
FN:1718,(anonymous_123)
FN:1740,(anonymous_124)
FN:1744,(anonymous_125)
FN:1745,(anonymous_126)
FN:1752,(anonymous_127)
FN:1775,(anonymous_128)
FN:1779,(anonymous_129)
FN:1782,(anonymous_130)
FN:1787,(anonymous_131)
FN:1797,(anonymous_132)
FN:1798,(anonymous_133)
FN:1799,(anonymous_134)
FN:1800,(anonymous_135)
FN:1805,(anonymous_136)
FN:1813,(anonymous_137)
FN:1813,(anonymous_138)
FN:1815,(anonymous_139)
FN:1816,(anonymous_140)
FN:1817,(anonymous_141)
FN:1840,(anonymous_142)
FN:1850,(anonymous_143)
FN:1871,(anonymous_144)
FN:1884,(anonymous_145)
FN:1914,(anonymous_146)
FN:1923,(anonymous_147)
FN:1937,(anonymous_148)
FN:1961,(anonymous_149)
FN:1966,(anonymous_150)
FN:1996,(anonymous_151)
FN:2004,(anonymous_152)
FN:2007,(anonymous_153)
FN:2011,(anonymous_154)
FN:2013,(anonymous_155)
FN:2015,(anonymous_156)
FN:2016,(anonymous_157)
FN:2065,(anonymous_158)
FN:2066,(anonymous_159)
FN:2070,(anonymous_160)
FN:2075,(anonymous_161)
FN:2088,(anonymous_162)
FN:2131,(anonymous_163)
FN:2135,(anonymous_164)
FN:2148,(anonymous_165)
FN:2158,(anonymous_166)
FN:2160,(anonymous_167)
FN:2178,(anonymous_168)
FN:2194,(anonymous_169)
FN:2198,(anonymous_170)
FN:2205,(anonymous_171)
FN:2213,(anonymous_172)
FN:2220,(anonymous_173)
FN:2234,(anonymous_174)
FN:2270,(anonymous_175)
FN:2271,(anonymous_176)
FN:2276,(anonymous_177)
FN:2277,(anonymous_178)
FN:2284,(anonymous_179)
FN:2295,(anonymous_180)
FN:2312,(anonymous_181)
FN:2316,(anonymous_182)
FN:2328,(anonymous_183)
FN:2340,(anonymous_184)
FN:2345,(anonymous_185)
FN:2347,(anonymous_186)
FN:2349,(anonymous_187)
FN:2355,(anonymous_188)
FN:2358,(anonymous_189)
FN:2361,(anonymous_190)
FN:2365,(anonymous_191)
FN:2367,(anonymous_192)
FN:2371,(anonymous_193)
FN:2374,(anonymous_194)
FN:2378,(anonymous_195)
FN:2382,(anonymous_196)
FN:2423,(anonymous_197)
FN:2428,(anonymous_198)
FN:2429,(anonymous_199)
FN:2490,(anonymous_200)
FN:2495,(anonymous_201)
FN:2496,(anonymous_202)
FN:2530,(anonymous_203)
FN:2553,(anonymous_204)
FN:2647,(anonymous_205)
FN:2694,(anonymous_206)
FN:2703,(anonymous_207)
FN:2731,(anonymous_208)
FN:2752,(anonymous_209)
FN:2763,(anonymous_210)
FN:2764,(anonymous_211)
FN:2803,(anonymous_212)
FN:2831,(anonymous_213)
FN:2880,(anonymous_214)
FN:2891,(anonymous_215)
FN:2907,(anonymous_216)
FN:2947,(anonymous_217)
FN:2952,(anonymous_218)
FN:2953,(anonymous_219)
FN:3182,(anonymous_220)
FN:3183,(anonymous_221)
FN:3186,(anonymous_222)
FN:3193,(anonymous_223)
FN:3211,(anonymous_224)
FN:3218,(anonymous_225)
FN:3219,(anonymous_226)
FN:3220,(anonymous_227)
FN:3233,(anonymous_228)
FN:3234,(anonymous_229)
FN:3265,(anonymous_230)
FN:3324,(anonymous_231)
FN:3325,(anonymous_232)
FN:3362,(anonymous_233)
FN:3386,(anonymous_234)
FN:3420,(anonymous_235)
FN:3430,(anonymous_236)
FN:3468,(anonymous_237)
FN:3481,(anonymous_238)
FN:3497,(anonymous_239)
FN:3499,(anonymous_240)
FN:3501,(anonymous_241)
FN:3502,(anonymous_242)
FN:3505,(anonymous_243)
FN:3508,(anonymous_244)
FN:3509,(anonymous_245)
FN:3526,(anonymous_246)
FN:3530,(anonymous_247)
FN:3578,(anonymous_248)
FN:3580,(anonymous_249)
FN:3581,(anonymous_250)
FN:3582,(anonymous_251)
FN:3615,(anonymous_252)
FN:3616,(anonymous_253)
FN:3618,(anonymous_254)
FN:3630,(anonymous_255)
FN:3638,(anonymous_256)
FN:3648,(anonymous_257)
FN:3654,(anonymous_258)
FN:3660,(anonymous_259)
FN:3662,(anonymous_260)
FN:3663,(anonymous_261)
FN:3666,(anonymous_262)
FN:3668,(anonymous_263)
FN:3669,(anonymous_264)
FN:3671,(anonymous_265)
FN:3686,(anonymous_266)
FN:3705,(anonymous_267)
FN:3712,(anonymous_268)
FN:3745,(anonymous_269)
FN:3759,(anonymous_270)
FN:3773,(anonymous_271)
FN:3818,(anonymous_272)
FN:3837,(anonymous_273)
FN:3857,(anonymous_274)
FN:3875,(anonymous_275)
FN:3887,(anonymous_276)
FN:3901,(anonymous_277)
FN:3910,(anonymous_278)
FN:3956,(anonymous_279)
FN:3970,(anonymous_280)
FN:3987,(anonymous_281)
FN:4022,(anonymous_282)
FN:4070,(anonymous_283)
FN:4112,(anonymous_284)
FN:4118,(anonymous_285)
FN:4136,(anonymous_286)
FN:4137,(anonymous_287)
FN:4143,(anonymous_288)
FN:4182,(anonymous_289)
FN:4193,(anonymous_290)
FN:4252,(anonymous_291)
FN:4261,(anonymous_292)
FN:4271,(anonymous_293)
FN:4272,(anonymous_294)
FN:4319,(anonymous_295)
FN:4323,(anonymous_296)
FN:4324,(anonymous_297)
FN:4325,(anonymous_298)
FN:4331,(anonymous_299)
FN:4431,(anonymous_300)
FN:4439,(anonymous_301)
FN:4443,(anonymous_302)
FN:4454,(anonymous_303)
FN:4454,(anonymous_304)
FN:4480,(anonymous_305)
FN:4494,(anonymous_306)
FN:4536,(anonymous_307)
FN:4537,(anonymous_308)
FN:4559,(anonymous_309)
FN:4567,(anonymous_310)
FN:4588,(anonymous_311)
FN:4599,(anonymous_312)
FN:4624,(anonymous_313)
FN:4628,(anonymous_314)
FN:4630,(anonymous_315)
FN:4637,(anonymous_316)
FN:4638,(anonymous_317)
FN:4650,(anonymous_318)
FN:4662,(anonymous_319)
FN:4675,(anonymous_320)
FN:4714,(anonymous_321)
FN:4722,(anonymous_322)
FN:4737,(anonymous_323)
FN:4757,(anonymous_324)
FN:4775,(anonymous_325)
FN:4783,(anonymous_326)
FN:4794,(anonymous_327)
FN:4802,(anonymous_328)
FN:4822,(anonymous_329)
FN:4834,(anonymous_330)
FN:4846,(anonymous_331)
FN:4856,(anonymous_332)
FN:4864,(anonymous_333)
FN:4886,(anonymous_334)
FN:4907,(anonymous_335)
FN:4926,(anonymous_336)
FN:4940,(anonymous_337)
FN:4941,(anonymous_338)
FN:4952,(anonymous_339)
FN:4993,(anonymous_340)
FN:4994,(anonymous_341)
FN:5004,(anonymous_342)
FN:5014,(anonymous_343)
FNF:344
FNH:0
FNDA:0,(anonymous_0)
FNDA:0,(anonymous_1)
FNDA:0,(anonymous_2)
FNDA:0,(anonymous_3)
FNDA:0,(anonymous_4)
FNDA:0,(anonymous_5)
FNDA:0,(anonymous_6)
FNDA:0,(anonymous_7)
FNDA:0,(anonymous_8)
FNDA:0,(anonymous_9)
FNDA:0,(anonymous_10)
FNDA:0,(anonymous_11)
FNDA:0,(anonymous_12)
FNDA:0,(anonymous_13)
FNDA:0,(anonymous_14)
FNDA:0,(anonymous_15)
FNDA:0,(anonymous_16)
FNDA:0,(anonymous_17)
FNDA:0,(anonymous_18)
FNDA:0,(anonymous_19)
FNDA:0,(anonymous_20)
FNDA:0,(anonymous_21)
FNDA:0,(anonymous_22)
FNDA:0,(anonymous_23)
FNDA:0,(anonymous_24)
FNDA:0,(anonymous_25)
FNDA:0,(anonymous_26)
FNDA:0,(anonymous_27)
FNDA:0,(anonymous_28)
FNDA:0,(anonymous_29)
FNDA:0,(anonymous_30)
FNDA:0,(anonymous_31)
FNDA:0,(anonymous_32)
FNDA:0,(anonymous_33)
FNDA:0,(anonymous_34)
FNDA:0,(anonymous_35)
FNDA:0,(anonymous_36)
FNDA:0,(anonymous_37)
FNDA:0,(anonymous_38)
FNDA:0,(anonymous_39)
FNDA:0,(anonymous_40)
FNDA:0,(anonymous_41)
FNDA:0,(anonymous_42)
FNDA:0,(anonymous_43)
FNDA:0,(anonymous_44)
FNDA:0,(anonymous_45)
FNDA:0,(anonymous_46)
FNDA:0,(anonymous_47)
FNDA:0,(anonymous_48)
FNDA:0,(anonymous_49)
FNDA:0,(anonymous_50)
FNDA:0,(anonymous_51)
FNDA:0,(anonymous_52)
FNDA:0,(anonymous_53)
FNDA:0,(anonymous_54)
FNDA:0,(anonymous_55)
FNDA:0,(anonymous_56)
FNDA:0,(anonymous_57)
FNDA:0,(anonymous_58)
FNDA:0,(anonymous_59)
FNDA:0,(anonymous_60)
FNDA:0,(anonymous_61)
FNDA:0,(anonymous_62)
FNDA:0,(anonymous_63)
FNDA:0,(anonymous_64)
FNDA:0,(anonymous_65)
FNDA:0,(anonymous_66)
FNDA:0,(anonymous_67)
FNDA:0,(anonymous_68)
FNDA:0,(anonymous_69)
FNDA:0,(anonymous_70)
FNDA:0,(anonymous_71)
FNDA:0,(anonymous_72)
FNDA:0,(anonymous_73)
FNDA:0,(anonymous_74)
FNDA:0,(anonymous_75)
FNDA:0,(anonymous_76)
FNDA:0,(anonymous_77)
FNDA:0,(anonymous_78)
FNDA:0,(anonymous_79)
FNDA:0,(anonymous_80)
FNDA:0,(anonymous_81)
FNDA:0,(anonymous_82)
FNDA:0,(anonymous_83)
FNDA:0,(anonymous_84)
FNDA:0,(anonymous_85)
FNDA:0,(anonymous_86)
FNDA:0,(anonymous_87)
FNDA:0,(anonymous_88)
FNDA:0,(anonymous_89)
FNDA:0,(anonymous_90)
FNDA:0,(anonymous_91)
FNDA:0,(anonymous_92)
FNDA:0,(anonymous_93)
FNDA:0,(anonymous_94)
FNDA:0,(anonymous_95)
FNDA:0,(anonymous_96)
FNDA:0,(anonymous_97)
FNDA:0,(anonymous_98)
FNDA:0,(anonymous_99)
FNDA:0,(anonymous_100)
FNDA:0,(anonymous_101)
FNDA:0,(anonymous_102)
FNDA:0,(anonymous_103)
FNDA:0,(anonymous_104)
FNDA:0,(anonymous_105)
FNDA:0,(anonymous_106)
FNDA:0,(anonymous_107)
FNDA:0,(anonymous_108)
FNDA:0,(anonymous_109)
FNDA:0,(anonymous_110)
FNDA:0,(anonymous_111)
FNDA:0,(anonymous_112)
FNDA:0,(anonymous_113)
FNDA:0,(anonymous_114)
FNDA:0,(anonymous_115)
FNDA:0,(anonymous_116)
FNDA:0,(anonymous_117)
FNDA:0,(anonymous_118)
FNDA:0,(anonymous_119)
FNDA:0,(anonymous_120)
FNDA:0,(anonymous_121)
FNDA:0,(anonymous_122)
FNDA:0,(anonymous_123)
FNDA:0,(anonymous_124)
FNDA:0,(anonymous_125)
FNDA:0,(anonymous_126)
FNDA:0,(anonymous_127)
FNDA:0,(anonymous_128)
FNDA:0,(anonymous_129)
FNDA:0,(anonymous_130)
FNDA:0,(anonymous_131)
FNDA:0,(anonymous_132)
FNDA:0,(anonymous_133)
FNDA:0,(anonymous_134)
FNDA:0,(anonymous_135)
FNDA:0,(anonymous_136)
FNDA:0,(anonymous_137)
FNDA:0,(anonymous_138)
FNDA:0,(anonymous_139)
FNDA:0,(anonymous_140)
FNDA:0,(anonymous_141)
FNDA:0,(anonymous_142)
FNDA:0,(anonymous_143)
FNDA:0,(anonymous_144)
FNDA:0,(anonymous_145)
FNDA:0,(anonymous_146)
FNDA:0,(anonymous_147)
FNDA:0,(anonymous_148)
FNDA:0,(anonymous_149)
FNDA:0,(anonymous_150)
FNDA:0,(anonymous_151)
FNDA:0,(anonymous_152)
FNDA:0,(anonymous_153)
FNDA:0,(anonymous_154)
FNDA:0,(anonymous_155)
FNDA:0,(anonymous_156)
FNDA:0,(anonymous_157)
FNDA:0,(anonymous_158)
FNDA:0,(anonymous_159)
FNDA:0,(anonymous_160)
FNDA:0,(anonymous_161)
FNDA:0,(anonymous_162)
FNDA:0,(anonymous_163)
FNDA:0,(anonymous_164)
FNDA:0,(anonymous_165)
FNDA:0,(anonymous_166)
FNDA:0,(anonymous_167)
FNDA:0,(anonymous_168)
FNDA:0,(anonymous_169)
FNDA:0,(anonymous_170)
FNDA:0,(anonymous_171)
FNDA:0,(anonymous_172)
FNDA:0,(anonymous_173)
FNDA:0,(anonymous_174)
FNDA:0,(anonymous_175)
FNDA:0,(anonymous_176)
FNDA:0,(anonymous_177)
FNDA:0,(anonymous_178)
FNDA:0,(anonymous_179)
FNDA:0,(anonymous_180)
FNDA:0,(anonymous_181)
FNDA:0,(anonymous_182)
FNDA:0,(anonymous_183)
FNDA:0,(anonymous_184)
FNDA:0,(anonymous_185)
FNDA:0,(anonymous_186)
FNDA:0,(anonymous_187)
FNDA:0,(anonymous_188)
FNDA:0,(anonymous_189)
FNDA:0,(anonymous_190)
FNDA:0,(anonymous_191)
FNDA:0,(anonymous_192)
FNDA:0,(anonymous_193)
FNDA:0,(anonymous_194)
FNDA:0,(anonymous_195)
FNDA:0,(anonymous_196)
FNDA:0,(anonymous_197)
FNDA:0,(anonymous_198)
FNDA:0,(anonymous_199)
FNDA:0,(anonymous_200)
FNDA:0,(anonymous_201)
FNDA:0,(anonymous_202)
FNDA:0,(anonymous_203)
FNDA:0,(anonymous_204)
FNDA:0,(anonymous_205)
FNDA:0,(anonymous_206)
FNDA:0,(anonymous_207)
FNDA:0,(anonymous_208)
FNDA:0,(anonymous_209)
FNDA:0,(anonymous_210)
FNDA:0,(anonymous_211)
FNDA:0,(anonymous_212)
FNDA:0,(anonymous_213)
FNDA:0,(anonymous_214)
FNDA:0,(anonymous_215)
FNDA:0,(anonymous_216)
FNDA:0,(anonymous_217)
FNDA:0,(anonymous_218)
FNDA:0,(anonymous_219)
FNDA:0,(anonymous_220)
FNDA:0,(anonymous_221)
FNDA:0,(anonymous_222)
FNDA:0,(anonymous_223)
FNDA:0,(anonymous_224)
FNDA:0,(anonymous_225)
FNDA:0,(anonymous_226)
FNDA:0,(anonymous_227)
FNDA:0,(anonymous_228)
FNDA:0,(anonymous_229)
FNDA:0,(anonymous_230)
FNDA:0,(anonymous_231)
FNDA:0,(anonymous_232)
FNDA:0,(anonymous_233)
FNDA:0,(anonymous_234)
FNDA:0,(anonymous_235)
FNDA:0,(anonymous_236)
FNDA:0,(anonymous_237)
FNDA:0,(anonymous_238)
FNDA:0,(anonymous_239)
FNDA:0,(anonymous_240)
FNDA:0,(anonymous_241)
FNDA:0,(anonymous_242)
FNDA:0,(anonymous_243)
FNDA:0,(anonymous_244)
FNDA:0,(anonymous_245)
FNDA:0,(anonymous_246)
FNDA:0,(anonymous_247)
FNDA:0,(anonymous_248)
FNDA:0,(anonymous_249)
FNDA:0,(anonymous_250)
FNDA:0,(anonymous_251)
FNDA:0,(anonymous_252)
FNDA:0,(anonymous_253)
FNDA:0,(anonymous_254)
FNDA:0,(anonymous_255)
FNDA:0,(anonymous_256)
FNDA:0,(anonymous_257)
FNDA:0,(anonymous_258)
FNDA:0,(anonymous_259)
FNDA:0,(anonymous_260)
FNDA:0,(anonymous_261)
FNDA:0,(anonymous_262)
FNDA:0,(anonymous_263)
FNDA:0,(anonymous_264)
FNDA:0,(anonymous_265)
FNDA:0,(anonymous_266)
FNDA:0,(anonymous_267)
FNDA:0,(anonymous_268)
FNDA:0,(anonymous_269)
FNDA:0,(anonymous_270)
FNDA:0,(anonymous_271)
FNDA:0,(anonymous_272)
FNDA:0,(anonymous_273)
FNDA:0,(anonymous_274)
FNDA:0,(anonymous_275)
FNDA:0,(anonymous_276)
FNDA:0,(anonymous_277)
FNDA:0,(anonymous_278)
FNDA:0,(anonymous_279)
FNDA:0,(anonymous_280)
FNDA:0,(anonymous_281)
FNDA:0,(anonymous_282)
FNDA:0,(anonymous_283)
FNDA:0,(anonymous_284)
FNDA:0,(anonymous_285)
FNDA:0,(anonymous_286)
FNDA:0,(anonymous_287)
FNDA:0,(anonymous_288)
FNDA:0,(anonymous_289)
FNDA:0,(anonymous_290)
FNDA:0,(anonymous_291)
FNDA:0,(anonymous_292)
FNDA:0,(anonymous_293)
FNDA:0,(anonymous_294)
FNDA:0,(anonymous_295)
FNDA:0,(anonymous_296)
FNDA:0,(anonymous_297)
FNDA:0,(anonymous_298)
FNDA:0,(anonymous_299)
FNDA:0,(anonymous_300)
FNDA:0,(anonymous_301)
FNDA:0,(anonymous_302)
FNDA:0,(anonymous_303)
FNDA:0,(anonymous_304)
FNDA:0,(anonymous_305)
FNDA:0,(anonymous_306)
FNDA:0,(anonymous_307)
FNDA:0,(anonymous_308)
FNDA:0,(anonymous_309)
FNDA:0,(anonymous_310)
FNDA:0,(anonymous_311)
FNDA:0,(anonymous_312)
FNDA:0,(anonymous_313)
FNDA:0,(anonymous_314)
FNDA:0,(anonymous_315)
FNDA:0,(anonymous_316)
FNDA:0,(anonymous_317)
FNDA:0,(anonymous_318)
FNDA:0,(anonymous_319)
FNDA:0,(anonymous_320)
FNDA:0,(anonymous_321)
FNDA:0,(anonymous_322)
FNDA:0,(anonymous_323)
FNDA:0,(anonymous_324)
FNDA:0,(anonymous_325)
FNDA:0,(anonymous_326)
FNDA:0,(anonymous_327)
FNDA:0,(anonymous_328)
FNDA:0,(anonymous_329)
FNDA:0,(anonymous_330)
FNDA:0,(anonymous_331)
FNDA:0,(anonymous_332)
FNDA:0,(anonymous_333)
FNDA:0,(anonymous_334)
FNDA:0,(anonymous_335)
FNDA:0,(anonymous_336)
FNDA:0,(anonymous_337)
FNDA:0,(anonymous_338)
FNDA:0,(anonymous_339)
FNDA:0,(anonymous_340)
FNDA:0,(anonymous_341)
FNDA:0,(anonymous_342)
FNDA:0,(anonymous_343)
DA:45,0
DA:46,0
DA:47,0
DA:48,0
DA:51,0
DA:52,0
DA:65,0
DA:66,0
DA:69,0
DA:70,0
DA:71,0
DA:72,0
DA:75,0
DA:76,0
DA:77,0
DA:78,0
DA:80,0
DA:81,0
DA:82,0
DA:83,0
DA:84,0
DA:85,0
DA:88,0
DA:97,0
DA:98,0
DA:99,0
DA:100,0
DA:101,0
DA:102,0
DA:103,0
DA:104,0
DA:105,0
DA:106,0
DA:107,0
DA:108,0
DA:109,0
DA:110,0
DA:111,0
DA:112,0
DA:113,0
DA:114,0
DA:115,0
DA:116,0
DA:117,0
DA:118,0
DA:119,0
DA:122,0
DA:123,0
DA:124,0
DA:125,0
DA:128,0
DA:129,0
DA:132,0
DA:133,0
DA:134,0
DA:135,0
DA:136,0
DA:137,0
DA:138,0
DA:139,0
DA:140,0
DA:143,0
DA:144,0
DA:145,0
DA:146,0
DA:149,0
DA:150,0
DA:151,0
DA:154,0
DA:155,0
DA:157,0
DA:158,0
DA:160,0
DA:161,0
DA:163,0
DA:164,0
DA:167,0
DA:168,0
DA:169,0
DA:170,0
DA:171,0
DA:176,0
DA:177,0
DA:178,0
DA:179,0
DA:180,0
DA:183,0
DA:185,0
DA:186,0
DA:187,0
DA:188,0
DA:190,0
DA:194,0
DA:195,0
DA:196,0
DA:197,0
DA:200,0
DA:201,0
DA:202,0
DA:203,0
DA:204,0
DA:205,0
DA:206,0
DA:207,0
DA:208,0
DA:210,0
DA:211,0
DA:214,0
DA:217,0
DA:218,0
DA:219,0
DA:224,0
DA:225,0
DA:226,0
DA:227,0
DA:228,0
DA:229,0
DA:230,0
DA:231,0
DA:232,0
DA:233,0
DA:234,0
DA:235,0
DA:238,0
DA:239,0
DA:240,0
DA:241,0
DA:242,0
DA:250,0
DA:251,0
DA:252,0
DA:253,0
DA:254,0
DA:258,0
DA:259,0
DA:263,0
DA:264,0
DA:266,0
DA:269,0
DA:270,0
DA:271,0
DA:272,0
DA:282,0
DA:283,0
DA:284,0
DA:285,0
DA:286,0
DA:287,0
DA:288,0
DA:290,0
DA:291,0
DA:292,0
DA:293,0
DA:294,0
DA:297,0
DA:298,0
DA:299,0
DA:300,0
DA:301,0
DA:303,0
DA:304,0
DA:306,0
DA:307,0
DA:309,0
DA:312,0
DA:313,0
DA:316,0
DA:317,0
DA:320,0
DA:321,0
DA:322,0
DA:323,0
DA:325,0
DA:326,0
DA:328,0
DA:333,0
DA:335,0
DA:338,0
DA:339,0
DA:341,0
DA:343,0
DA:346,0
DA:347,0
DA:348,0
DA:352,0
DA:353,0
DA:356,0
DA:357,0
DA:358,0
DA:362,0
DA:363,0
DA:364,0
DA:367,0
DA:368,0
DA:369,0
DA:370,0
DA:372,0
DA:374,0
DA:375,0
DA:377,0
DA:378,0
DA:380,0
DA:382,0
DA:383,0
DA:384,0
DA:386,0
DA:388,0
DA:389,0
DA:390,0
DA:391,0
DA:392,0
DA:394,0
DA:397,0
DA:398,0
DA:399,0
DA:400,0
DA:401,0
DA:402,0
DA:407,0
DA:408,0
DA:410,0
DA:411,0
DA:412,0
DA:413,0
DA:414,0
DA:415,0
DA:416,0
DA:417,0
DA:418,0
DA:421,0
DA:426,0
DA:428,0
DA:429,0
DA:438,0
DA:440,0
DA:443,0
DA:444,0
DA:445,0
DA:446,0
DA:447,0
DA:448,0
DA:449,0
DA:451,0
DA:454,0
DA:455,0
DA:456,0
DA:457,0
DA:458,0
DA:464,0
DA:465,0
DA:466,0
DA:467,0
DA:470,0
DA:471,0
DA:472,0
DA:473,0
DA:475,0
DA:478,0
DA:479,0
DA:481,0
DA:482,0
DA:483,0
DA:485,0
DA:488,0
DA:491,0
DA:492,0
DA:494,0
DA:499,0
DA:500,0
DA:501,0
DA:508,0
DA:509,0
DA:511,0
DA:515,0
DA:516,0
DA:518,0
DA:522,0
DA:523,0
DA:524,0
DA:525,0
DA:527,0
DA:528,0
DA:533,0
DA:534,0
DA:535,0
DA:536,0
DA:539,0
DA:540,0
DA:541,0
DA:542,0
DA:545,0
DA:548,0
DA:549,0
DA:550,0
DA:551,0
DA:554,0
DA:556,0
DA:557,0
DA:561,0
DA:565,0
DA:567,0
DA:568,0
DA:569,0
DA:571,0
DA:573,0
DA:576,0
DA:577,0
DA:581,0
DA:582,0
DA:583,0
DA:585,0
DA:590,0
DA:591,0
DA:592,0
DA:593,0
DA:599,0
DA:600,0
DA:603,0
DA:604,0
DA:605,0
DA:607,0
DA:610,0
DA:611,0
DA:614,0
DA:616,0
DA:617,0
DA:622,0
DA:623,0
DA:625,0
DA:628,0
DA:633,0
DA:641,0
DA:649,0
DA:650,0
DA:655,0
DA:656,0
DA:658,0
DA:660,0
DA:661,0
DA:664,0
DA:665,0
DA:667,0
DA:670,0
DA:671,0
DA:673,0
DA:674,0
DA:675,0
DA:677,0
DA:682,0
DA:683,0
DA:684,0
DA:686,0
DA:692,0
DA:697,0
DA:698,0
DA:699,0
DA:700,0
DA:703,0
DA:704,0
DA:705,0
DA:706,0
DA:707,0
DA:708,0
DA:710,0
DA:711,0
DA:712,0
DA:715,0
DA:716,0
DA:720,0
DA:721,0
DA:725,0
DA:726,0
DA:728,0
DA:731,0
DA:739,0
DA:740,0
DA:741,0
DA:742,0
DA:747,0
DA:748,0
DA:749,0
DA:750,0
DA:753,0
DA:755,0
DA:761,0
DA:765,0
DA:766,0
DA:767,0
DA:770,0
DA:772,0
DA:773,0
DA:774,0
DA:775,0
DA:776,0
DA:778,0
DA:780,0
DA:781,0
DA:786,0
DA:789,0
DA:792,0
DA:793,0
DA:795,0
DA:796,0
DA:797,0
DA:799,0
DA:801,0
DA:803,0
DA:806,0
DA:807,0
DA:810,0
DA:811,0
DA:814,0
DA:815,0
DA:816,0
DA:819,0
DA:822,0
DA:823,0
DA:828,0
DA:829,0
DA:832,0
DA:833,0
DA:834,0
DA:840,0
DA:844,0
DA:846,0
DA:848,0
DA:849,0
DA:851,0
DA:852,0
DA:853,0
DA:856,0
DA:858,0
DA:859,0
DA:860,0
DA:862,0
DA:863,0
DA:865,0
DA:867,0
DA:868,0
DA:870,0
DA:871,0
DA:875,0
DA:876,0
DA:877,0
DA:878,0
DA:879,0
DA:881,0
DA:884,0
DA:888,0
DA:889,0
DA:890,0
DA:891,0
DA:892,0
DA:893,0
DA:896,0
DA:897,0
DA:898,0
DA:899,0
DA:900,0
DA:901,0
DA:903,0
DA:904,0
DA:906,0
DA:907,0
DA:908,0
DA:909,0
DA:910,0
DA:911,0
DA:913,0
DA:916,0
DA:919,0
DA:920,0
DA:921,0
DA:922,0
DA:927,0
DA:928,0
DA:929,0
DA:930,0
DA:931,0
DA:935,0
DA:937,0
DA:944,0
DA:946,0
DA:947,0
DA:948,0
DA:949,0
DA:950,0
DA:951,0
DA:952,0
DA:953,0
DA:954,0
DA:955,0
DA:962,0
DA:963,0
DA:965,0
DA:966,0
DA:967,0
DA:969,0
DA:970,0
DA:971,0
DA:974,0
DA:975,0
DA:976,0
DA:977,0
DA:981,0
DA:982,0
DA:983,0
DA:984,0
DA:988,0
DA:989,0
DA:990,0
DA:991,0
DA:995,0
DA:996,0
DA:997,0
DA:998,0
DA:1003,0
DA:1004,0
DA:1006,0
DA:1007,0
DA:1008,0
DA:1009,0
DA:1010,0
DA:1013,0
DA:1014,0
DA:1015,0
DA:1016,0
DA:1017,0
DA:1018,0
DA:1019,0
DA:1020,0
DA:1021,0
DA:1024,0
DA:1028,0
DA:1029,0
DA:1030,0
DA:1036,0
DA:1039,0
DA:1040,0
DA:1041,0
DA:1043,0
DA:1044,0
DA:1045,0
DA:1046,0
DA:1047,0
DA:1048,0
DA:1053,0
DA:1059,0
DA:1061,0
DA:1062,0
DA:1066,0
DA:1067,0
DA:1068,0
DA:1069,0
DA:1071,0
DA:1074,0
DA:1075,0
DA:1081,0
DA:1082,0
DA:1083,0
DA:1084,0
DA:1085,0
DA:1086,0
DA:1087,0
DA:1088,0
DA:1089,0
DA:1093,0
DA:1094,0
DA:1095,0
DA:1098,0
DA:1104,0
DA:1110,0
DA:1111,0
DA:1119,0
DA:1120,0
DA:1122,0
DA:1123,0
DA:1124,0
DA:1126,0
DA:1127,0
DA:1135,0
DA:1136,0
DA:1137,0
DA:1138,0
DA:1139,0
DA:1140,0
DA:1141,0
DA:1142,0
DA:1146,0
DA:1147,0
DA:1148,0
DA:1149,0
DA:1150,0
DA:1153,0
DA:1155,0
DA:1156,0
DA:1159,0
DA:1161,0
DA:1162,0
DA:1163,0
DA:1165,0
DA:1174,0
DA:1175,0
DA:1177,0
DA:1179,0
DA:1180,0
DA:1185,0
DA:1186,0
DA:1187,0
DA:1188,0
DA:1189,0
DA:1192,0
DA:1193,0
DA:1194,0
DA:1195,0
DA:1201,0
DA:1202,0
DA:1203,0
DA:1207,0
DA:1208,0
DA:1212,0
DA:1213,0
DA:1214,0
DA:1216,0
DA:1219,0
DA:1220,0
DA:1223,0
DA:1224,0
DA:1225,0
DA:1226,0
DA:1227,0
DA:1228,0
DA:1230,0
DA:1231,0
DA:1234,0
DA:1235,0
DA:1238,0
DA:1246,0
DA:1247,0
DA:1249,0
DA:1250,0
DA:1251,0
DA:1252,0
DA:1253,0
DA:1254,0
DA:1255,0
DA:1256,0
DA:1257,0
DA:1258,0
DA:1259,0
DA:1260,0
DA:1263,0
DA:1264,0
DA:1265,0
DA:1266,0
DA:1269,0
DA:1273,0
DA:1274,0
DA:1275,0
DA:1276,0
DA:1277,0
DA:1278,0
DA:1280,0
DA:1281,0
DA:1286,0
DA:1287,0
DA:1290,0
DA:1291,0
DA:1293,0
DA:1294,0
DA:1298,0
DA:1301,0
DA:1302,0
DA:1303,0
DA:1314,0
DA:1315,0
DA:1316,0
DA:1317,0
DA:1318,0
DA:1324,0
DA:1325,0
DA:1326,0
DA:1327,0
DA:1328,0
DA:1329,0
DA:1332,0
DA:1333,0
DA:1334,0
DA:1335,0
DA:1338,0
DA:1341,0
DA:1345,0
DA:1346,0
DA:1347,0
DA:1348,0
DA:1349,0
DA:1352,0
DA:1353,0
DA:1354,0
DA:1355,0
DA:1356,0
DA:1357,0
DA:1358,0
DA:1359,0
DA:1361,0
DA:1362,0
DA:1363,0
DA:1364,0
DA:1369,0
DA:1370,0
DA:1371,0
DA:1374,0
DA:1375,0
DA:1376,0
DA:1377,0
DA:1381,0
DA:1382,0
DA:1384,0
DA:1385,0
DA:1386,0
DA:1387,0
DA:1389,0
DA:1390,0
DA:1394,0
DA:1395,0
DA:1398,0
DA:1399,0
DA:1400,0
DA:1401,0
DA:1404,0
DA:1405,0
DA:1406,0
DA:1411,0
DA:1412,0
DA:1413,0
DA:1415,0
DA:1416,0
DA:1419,0
DA:1421,0
DA:1423,0
DA:1426,0
DA:1428,0
DA:1429,0
DA:1431,0
DA:1432,0
DA:1435,0
DA:1436,0
DA:1438,0
DA:1439,0
DA:1440,0
DA:1443,0
DA:1444,0
DA:1451,0
DA:1452,0
DA:1453,0
DA:1454,0
DA:1456,0
DA:1457,0
DA:1460,0
DA:1461,0
DA:1462,0
DA:1463,0
DA:1464,0
DA:1465,0
DA:1466,0
DA:1467,0
DA:1470,0
DA:1480,0
DA:1481,0
DA:1484,0
DA:1487,0
DA:1491,0
DA:1492,0
DA:1493,0
DA:1494,0
DA:1496,0
DA:1497,0
DA:1498,0
DA:1501,0
DA:1502,0
DA:1503,0
DA:1504,0
DA:1505,0
DA:1506,0
DA:1507,0
DA:1508,0
DA:1511,0
DA:1521,0
DA:1522,0
DA:1525,0
DA:1528,0
DA:1532,0
DA:1533,0
DA:1534,0
DA:1535,0
DA:1537,0
DA:1540,0
DA:1541,0
DA:1542,0
DA:1543,0
DA:1545,0
DA:1546,0
DA:1548,0
DA:1549,0
DA:1551,0
DA:1553,0
DA:1556,0
DA:1561,0
DA:1565,0
DA:1566,0
DA:1569,0
DA:1570,0
DA:1574,0
DA:1577,0
DA:1578,0
DA:1579,0
DA:1580,0
DA:1581,0
DA:1582,0
DA:1583,0
DA:1584,0
DA:1590,0
DA:1592,0
DA:1595,0
DA:1596,0
DA:1597,0
DA:1598,0
DA:1599,0
DA:1602,0
DA:1603,0
DA:1604,0
DA:1607,0
DA:1610,0
DA:1611,0
DA:1614,0
DA:1615,0
DA:1618,0
DA:1619,0
DA:1627,0
DA:1628,0
DA:1641,0
DA:1642,0
DA:1643,0
DA:1644,0
DA:1645,0
DA:1646,0
DA:1647,0
DA:1648,0
DA:1649,0
DA:1650,0
DA:1651,0
DA:1652,0
DA:1653,0
DA:1654,0
DA:1656,0
DA:1657,0
DA:1659,0
DA:1660,0
DA:1662,0
DA:1663,0
DA:1664,0
DA:1666,0
DA:1667,0
DA:1670,0
DA:1671,0
DA:1672,0
DA:1673,0
DA:1676,0
DA:1682,0
DA:1684,0
DA:1685,0
DA:1688,0
DA:1689,0
DA:1690,0
DA:1691,0
DA:1693,0
DA:1694,0
DA:1696,0
DA:1718,0
DA:1732,0
DA:1733,0
DA:1735,0
DA:1740,0
DA:1741,0
DA:1744,0
DA:1745,0
DA:1746,0
DA:1747,0
DA:1752,0
DA:1753,0
DA:1754,0
DA:1755,0
DA:1756,0
DA:1757,0
DA:1758,0
DA:1759,0
DA:1760,0
DA:1761,0
DA:1763,0
DA:1764,0
DA:1765,0
DA:1766,0
DA:1767,0
DA:1768,0
DA:1769,0
DA:1771,0
DA:1775,0
DA:1776,0
DA:1777,0
DA:1778,0
DA:1779,0
DA:1780,0
DA:1782,0
DA:1783,0
DA:1784,0
DA:1787,0
DA:1788,0
DA:1789,0
DA:1790,0
DA:1792,0
DA:1793,0
DA:1794,0
DA:1795,0
DA:1796,0
DA:1797,0
DA:1798,0
DA:1799,0
DA:1800,0
DA:1801,0
DA:1802,0
DA:1804,0
DA:1805,0
DA:1806,0
DA:1807,0
DA:1808,0
DA:1809,0
DA:1810,0
DA:1811,0
DA:1813,0
DA:1814,0
DA:1815,0
DA:1816,0
DA:1817,0
DA:1818,0
DA:1819,0
DA:1821,0
DA:1829,0
DA:1830,0
DA:1832,0
DA:1835,0
DA:1840,0
DA:1841,0
DA:1843,0
DA:1844,0
DA:1845,0
DA:1848,0
DA:1849,0
DA:1850,0
DA:1851,0
DA:1852,0
DA:1855,0
DA:1856,0
DA:1861,0
DA:1868,0
DA:1870,0
DA:1871,0
DA:1872,0
DA:1873,0
DA:1874,0
DA:1875,0
DA:1876,0
DA:1878,0
DA:1879,0
DA:1880,0
DA:1881,0
DA:1882,0
DA:1883,0
DA:1884,0
DA:1885,0
DA:1887,0
DA:1889,0
DA:1893,0
DA:1894,0
DA:1896,0
DA:1899,0
DA:1908,0
DA:1911,0
DA:1912,0
DA:1913,0
DA:1914,0
DA:1915,0
DA:1917,0
DA:1921,0
DA:1922,0
DA:1923,0
DA:1924,0
DA:1927,0
DA:1928,0
DA:1933,0
DA:1937,0
DA:1938,0
DA:1939,0
DA:1940,0
DA:1942,0
DA:1943,0
DA:1944,0
DA:1945,0
DA:1946,0
DA:1949,0
DA:1951,0
DA:1959,0
DA:1961,0
DA:1963,0
DA:1966,0
DA:1968,0
DA:1969,0
DA:1975,0
DA:1978,0
DA:1980,0
DA:1981,0
DA:1984,0
DA:1985,0
DA:1986,0
DA:1988,0
DA:1991,0
DA:1994,0
DA:1996,0
DA:2004,0
DA:2007,0
DA:2008,0
DA:2011,0
DA:2012,0
DA:2013,0
DA:2014,0
DA:2015,0
DA:2016,0
DA:2017,0
DA:2018,0
DA:2021,0
DA:2031,0
DA:2032,0
DA:2035,0
DA:2039,0
DA:2045,0
DA:2046,0
DA:2048,0
DA:2049,0
DA:2050,0
DA:2051,0
DA:2052,0
DA:2054,0
DA:2059,0
DA:2066,0
DA:2070,0
DA:2075,0
DA:2076,0
DA:2079,0
DA:2088,0
DA:2089,0
DA:2091,0
DA:2092,0
DA:2095,0
DA:2096,0
DA:2097,0
DA:2099,0
DA:2100,0
DA:2101,0
DA:2102,0
DA:2104,0
DA:2105,0
DA:2106,0
DA:2107,0
DA:2109,0
DA:2111,0
DA:2116,0
DA:2117,0
DA:2118,0
DA:2121,0
DA:2122,0
DA:2131,0
DA:2134,0
DA:2135,0
DA:2136,0
DA:2137,0
DA:2138,0
DA:2140,0
DA:2143,0
DA:2146,0
DA:2148,0
DA:2150,0
DA:2151,0
DA:2153,0
DA:2154,0
DA:2155,0
DA:2156,0
DA:2157,0
DA:2159,0
DA:2160,0
DA:2162,0
DA:2164,0
DA:2173,0
DA:2174,0
DA:2178,0
DA:2180,0
DA:2188,0
DA:2189,0
DA:2194,0
DA:2198,0
DA:2199,0
DA:2200,0
DA:2201,0
DA:2204,0
DA:2205,0
DA:2206,0
DA:2208,0
DA:2213,0
DA:2215,0
DA:2216,0
DA:2220,0
DA:2221,0
DA:2223,0
DA:2227,0
DA:2228,0
DA:2230,0
DA:2232,0
DA:2233,0
DA:2234,0
DA:2235,0
DA:2237,0
DA:2239,0
DA:2242,0
DA:2243,0
DA:2246,0
DA:2248,0
DA:2252,0
DA:2253,0
DA:2254,0
DA:2255,0
DA:2257,0
DA:2259,0
DA:2261,0
DA:2263,0
DA:2265,0
DA:2270,0
DA:2271,0
DA:2272,0
DA:2276,0
DA:2277,0
DA:2278,0
DA:2279,0
DA:2280,0
DA:2284,0
DA:2285,0
DA:2286,0
DA:2287,0
DA:2288,0
DA:2289,0
DA:2290,0
DA:2291,0
DA:2292,0
DA:2295,0
DA:2296,0
DA:2298,0
DA:2299,0
DA:2302,0
DA:2303,0
DA:2304,0
DA:2305,0
DA:2306,0
DA:2307,0
DA:2312,0
DA:2313,0
DA:2314,0
DA:2316,0
DA:2317,0
DA:2318,0
DA:2319,0
DA:2320,0
DA:2322,0
DA:2324,0
DA:2328,0
DA:2329,0
DA:2330,0
DA:2332,0
DA:2333,0
DA:2334,0
DA:2335,0
DA:2336,0
DA:2339,0
DA:2340,0
DA:2345,0
DA:2347,0
DA:2348,0
DA:2349,0
DA:2350,0
DA:2352,0
DA:2355,0
DA:2356,0
DA:2357,0
DA:2358,0
DA:2359,0
DA:2361,0
DA:2365,0
DA:2366,0
DA:2367,0
DA:2370,0
DA:2371,0
DA:2372,0
DA:2373,0
DA:2374,0
DA:2378,0
DA:2379,0
DA:2382,0
DA:2383,0
DA:2385,0
DA:2386,0
DA:2387,0
DA:2391,0
DA:2392,0
DA:2394,0
DA:2396,0
DA:2397,0
DA:2398,0
DA:2399,0
DA:2407,0
DA:2409,0
DA:2410,0
DA:2412,0
DA:2414,0
DA:2419,0
DA:2420,0
DA:2421,0
DA:2423,0
DA:2424,0
DA:2428,0
DA:2429,0
DA:2434,0
DA:2435,0
DA:2437,0
DA:2438,0
DA:2441,0
DA:2442,0
DA:2446,0
DA:2451,0
DA:2454,0
DA:2456,0
DA:2461,0
DA:2467,0
DA:2468,0
DA:2469,0
DA:2470,0
DA:2472,0
DA:2473,0
DA:2481,0
DA:2482,0
DA:2483,0
DA:2484,0
DA:2488,0
DA:2490,0
DA:2491,0
DA:2495,0
DA:2496,0
DA:2501,0
DA:2503,0
DA:2504,0
DA:2505,0
DA:2507,0
DA:2508,0
DA:2511,0
DA:2512,0
DA:2515,0
DA:2516,0
DA:2519,0
DA:2525,0
DA:2530,0
DA:2531,0
DA:2532,0
DA:2533,0
DA:2535,0
DA:2536,0
DA:2537,0
DA:2540,0
DA:2541,0
DA:2542,0
DA:2543,0
DA:2546,0
DA:2549,0
DA:2550,0
DA:2552,0
DA:2554,0
DA:2555,0
DA:2556,0
DA:2557,0
DA:2558,0
DA:2560,0
DA:2561,0
DA:2564,0
DA:2567,0
DA:2569,0
DA:2571,0
DA:2578,0
DA:2579,0
DA:2580,0
DA:2581,0
DA:2582,0
DA:2583,0
DA:2586,0
DA:2589,0
DA:2598,0
DA:2599,0
DA:2602,0
DA:2603,0
DA:2604,0
DA:2605,0
DA:2606,0
DA:2607,0
DA:2610,0
DA:2611,0
DA:2612,0
DA:2616,0
DA:2621,0
DA:2647,0
DA:2663,0
DA:2664,0
DA:2672,0
DA:2680,0
DA:2681,0
DA:2683,0
DA:2694,0
DA:2696,0
DA:2701,0
DA:2703,0
DA:2705,0
DA:2706,0
DA:2707,0
DA:2709,0
DA:2731,0
DA:2745,0
DA:2746,0
DA:2748,0
DA:2752,0
DA:2763,0
DA:2764,0
DA:2766,0
DA:2767,0
DA:2770,0
DA:2775,0
DA:2776,0
DA:2777,0
DA:2778,0
DA:2781,0
DA:2803,0
DA:2819,0
DA:2820,0
DA:2823,0
DA:2824,0
DA:2825,0
DA:2831,0
DA:2850,0
DA:2851,0
DA:2852,0
DA:2854,0
DA:2855,0
DA:2856,0
DA:2857,0
DA:2861,0
DA:2862,0
DA:2863,0
DA:2865,0
DA:2871,0
DA:2874,0
DA:2875,0
DA:2880,0
DA:2881,0
DA:2891,0
DA:2892,0
DA:2893,0
DA:2894,0
DA:2896,0
DA:2897,0
DA:2899,0
DA:2900,0
DA:2901,0
DA:2902,0
DA:2905,0
DA:2906,0
DA:2907,0
DA:2908,0
DA:2909,0
DA:2910,0
DA:2915,0
DA:2916,0
DA:2917,0
DA:2918,0
DA:2921,0
DA:2924,0
DA:2925,0
DA:2926,0
DA:2927,0
DA:2934,0
DA:2935,0
DA:2937,0
DA:2938,0
DA:2943,0
DA:2944,0
DA:2945,0
DA:2947,0
DA:2948,0
DA:2952,0
DA:2953,0
DA:2958,0
DA:2959,0
DA:2960,0
DA:2968,0
DA:2969,0
DA:2970,0
DA:2971,0
DA:2972,0
DA:2974,0
DA:2975,0
DA:2978,0
DA:2980,0
DA:2981,0
DA:2982,0
DA:2988,0
DA:2989,0
DA:2990,0
DA:2992,0
DA:2994,0
DA:2995,0
DA:2996,0
DA:2999,0
DA:3000,0
DA:3004,0
DA:3008,0
DA:3009,0
DA:3010,0
DA:3011,0
DA:3016,0
DA:3019,0
DA:3022,0
DA:3024,0
DA:3025,0
DA:3033,0
DA:3034,0
DA:3035,0
DA:3036,0
DA:3037,0
DA:3038,0
DA:3041,0
DA:3043,0
DA:3046,0
DA:3048,0
DA:3050,0
DA:3051,0
DA:3052,0
DA:3054,0
DA:3055,0
DA:3063,0
DA:3064,0
DA:3065,0
DA:3066,0
DA:3067,0
DA:3068,0
DA:3071,0
DA:3073,0
DA:3077,0
DA:3082,0
DA:3085,0
DA:3086,0
DA:3087,0
DA:3089,0
DA:3090,0
DA:3098,0
DA:3099,0
DA:3100,0
DA:3101,0
DA:3105,0
DA:3107,0
DA:3108,0
DA:3109,0
DA:3112,0
DA:3119,0
DA:3120,0
DA:3121,0
DA:3122,0
DA:3123,0
DA:3124,0
DA:3127,0
DA:3128,0
DA:3132,0
DA:3137,0
DA:3138,0
DA:3139,0
DA:3141,0
DA:3154,0
DA:3155,0
DA:3159,0
DA:3160,0
DA:3161,0
DA:3162,0
DA:3163,0
DA:3164,0
DA:3167,0
DA:3168,0
DA:3169,0
DA:3170,0
DA:3178,0
DA:3182,0
DA:3183,0
DA:3184,0
DA:3186,0
DA:3187,0
DA:3188,0
DA:3191,0
DA:3192,0
DA:3193,0
DA:3194,0
DA:3195,0
DA:3198,0
DA:3202,0
DA:3203,0
DA:3209,0
DA:3210,0
DA:3211,0
DA:3215,0
DA:3218,0
DA:3219,0
DA:3220,0
DA:3221,0
DA:3222,0
DA:3223,0
DA:3224,0
DA:3225,0
DA:3226,0
DA:3227,0
DA:3230,0
DA:3233,0
DA:3235,0
DA:3236,0
DA:3237,0
DA:3238,0
DA:3239,0
DA:3240,0
DA:3241,0
DA:3243,0
DA:3244,0
DA:3245,0
DA:3247,0
DA:3248,0
DA:3250,0
DA:3251,0
DA:3252,0
DA:3253,0
DA:3257,0
DA:3262,0
DA:3263,0
DA:3265,0
DA:3266,0
DA:3267,0
DA:3271,0
DA:3272,0
DA:3277,0
DA:3278,0
DA:3280,0
DA:3281,0
DA:3283,0
DA:3285,0
DA:3286,0
DA:3287,0
DA:3288,0
DA:3291,0
DA:3292,0
DA:3293,0
DA:3294,0
DA:3295,0
DA:3297,0
DA:3298,0
DA:3302,0
DA:3303,0
DA:3305,0
DA:3306,0
DA:3307,0
DA:3308,0
DA:3310,0
DA:3311,0
DA:3313,0
DA:3314,0
DA:3316,0
DA:3320,0
DA:3323,0
DA:3324,0
DA:3325,0
DA:3331,0
DA:3333,0
DA:3341,0
DA:3342,0
DA:3343,0
DA:3346,0
DA:3347,0
DA:3348,0
DA:3349,0
DA:3350,0
DA:3351,0
DA:3352,0
DA:3354,0
DA:3355,0
DA:3356,0
DA:3357,0
DA:3358,0
DA:3360,0
DA:3361,0
DA:3362,0
DA:3363,0
DA:3365,0
DA:3369,0
DA:3372,0
DA:3373,0
DA:3375,0
DA:3376,0
DA:3380,0
DA:3381,0
DA:3386,0
DA:3387,0
DA:3389,0
DA:3390,0
DA:3391,0
DA:3392,0
DA:3394,0
DA:3395,0
DA:3396,0
DA:3397,0
DA:3398,0
DA:3400,0
DA:3401,0
DA:3402,0
DA:3403,0
DA:3404,0
DA:3406,0
DA:3408,0
DA:3409,0
DA:3413,0
DA:3414,0
DA:3415,0
DA:3419,0
DA:3420,0
DA:3421,0
DA:3424,0
DA:3425,0
DA:3430,0
DA:3433,0
DA:3434,0
DA:3435,0
DA:3436,0
DA:3437,0
DA:3440,0
DA:3441,0
DA:3444,0
DA:3454,0
DA:3455,0
DA:3456,0
DA:3457,0
DA:3460,0
DA:3461,0
DA:3462,0
DA:3464,0
DA:3467,0
DA:3468,0
DA:3469,0
DA:3470,0
DA:3471,0
DA:3473,0
DA:3479,0
DA:3480,0
DA:3481,0
DA:3482,0
DA:3483,0
DA:3484,0
DA:3485,0
DA:3486,0
DA:3487,0
DA:3488,0
DA:3489,0
DA:3491,0
DA:3495,0
DA:3496,0
DA:3497,0
DA:3498,0
DA:3500,0
DA:3501,0
DA:3502,0
DA:3506,0
DA:3507,0
DA:3508,0
DA:3509,0
DA:3519,0
DA:3520,0
DA:3521,0
DA:3522,0
DA:3523,0
DA:3524,0
DA:3525,0
DA:3526,0
DA:3527,0
DA:3530,0
DA:3531,0
DA:3532,0
DA:3533,0
DA:3535,0
DA:3536,0
DA:3539,0
DA:3540,0
DA:3543,0
DA:3544,0
DA:3545,0
DA:3546,0
DA:3547,0
DA:3548,0
DA:3550,0
DA:3553,0
DA:3557,0
DA:3558,0
DA:3559,0
DA:3560,0
DA:3566,0
DA:3567,0
DA:3568,0
DA:3569,0
DA:3570,0
DA:3571,0
DA:3575,0
DA:3576,0
DA:3578,0
DA:3580,0
DA:3581,0
DA:3582,0
DA:3583,0
DA:3586,0
DA:3587,0
DA:3590,0
DA:3593,0
DA:3596,0
DA:3602,0
DA:3607,0
DA:3608,0
DA:3610,0
DA:3613,0
DA:3615,0
DA:3616,0
DA:3617,0
DA:3619,0
DA:3624,0
DA:3632,0
DA:3640,0
DA:3641,0
DA:3648,0
DA:3649,0
DA:3650,0
DA:3654,0
DA:3655,0
DA:3656,0
DA:3658,0
DA:3659,0
DA:3661,0
DA:3662,0
DA:3663,0
DA:3667,0
DA:3668,0
DA:3669,0
DA:3670,0
DA:3676,0
DA:3680,0
DA:3688,0
DA:3689,0
DA:3697,0
DA:3698,0
DA:3712,0
DA:3718,0
DA:3719,0
DA:3720,0
DA:3723,0
DA:3724,0
DA:3725,0
DA:3726,0
DA:3727,0
DA:3728,0
DA:3729,0
DA:3730,0
DA:3731,0
DA:3732,0
DA:3733,0
DA:3734,0
DA:3735,0
DA:3736,0
DA:3737,0
DA:3738,0
DA:3741,0
DA:3742,0
DA:3743,0
DA:3744,0
DA:3745,0
DA:3747,0
DA:3752,0
DA:3761,0
DA:3768,0
DA:3769,0
DA:3773,0
DA:3774,0
DA:3776,0
DA:3778,0
DA:3780,0
DA:3782,0
DA:3788,0
DA:3790,0
DA:3791,0
DA:3792,0
DA:3801,0
DA:3802,0
DA:3806,0
DA:3809,0
DA:3810,0
DA:3811,0
DA:3819,0
DA:3820,0
DA:3821,0
DA:3822,0
DA:3823,0
DA:3824,0
DA:3825,0
DA:3826,0
DA:3828,0
DA:3829,0
DA:3837,0
DA:3846,0
DA:3847,0
DA:3848,0
DA:3858,0
DA:3859,0
DA:3860,0
DA:3861,0
DA:3862,0
DA:3863,0
DA:3864,0
DA:3866,0
DA:3867,0
DA:3875,0
DA:3884,0
DA:3885,0
DA:3887,0
DA:3888,0
DA:3891,0
DA:3901,0
DA:3902,0
DA:3904,0
DA:3906,0
DA:3909,0
DA:3910,0
DA:3912,0
DA:3913,0
DA:3916,0
DA:3918,0
DA:3919,0
DA:3920,0
DA:3921,0
DA:3923,0
DA:3957,0
DA:3958,0
DA:3970,0
DA:3988,0
DA:3990,0
DA:3991,0
DA:3993,0
DA:3994,0
DA:3995,0
DA:4001,0
DA:4002,0
DA:4023,0
DA:4024,0
DA:4025,0
DA:4026,0
DA:4028,0
DA:4033,0
DA:4035,0
DA:4071,0
DA:4072,0
DA:4112,0
DA:4118,0
DA:4136,0
DA:4138,0
DA:4145,0
DA:4146,0
DA:4147,0
DA:4148,0
DA:4150,0
DA:4151,0
DA:4152,0
DA:4153,0
DA:4183,0
DA:4184,0
DA:4185,0
DA:4194,0
DA:4196,0
DA:4252,0
DA:4262,0
DA:4263,0
DA:4264,0
DA:4271,0
DA:4273,0
DA:4274,0
DA:4320,0
DA:4323,0
DA:4324,0
DA:4325,0
DA:4326,0
DA:4327,0
DA:4331,0
DA:4332,0
DA:4333,0
DA:4334,0
DA:4335,0
DA:4336,0
DA:4337,0
DA:4339,0
DA:4340,0
DA:4341,0
DA:4344,0
DA:4345,0
DA:4347,0
DA:4431,0
DA:4440,0
DA:4441,0
DA:4442,0
DA:4443,0
DA:4444,0
DA:4445,0
DA:4447,0
DA:4454,0
DA:4475,0
DA:4476,0
DA:4477,0
DA:4478,0
DA:4479,0
DA:4480,0
DA:4481,0
DA:4482,0
DA:4483,0
DA:4484,0
DA:4486,0
DA:4495,0
DA:4537,0
DA:4560,0
DA:4567,0
DA:4589,0
DA:4590,0
DA:4591,0
DA:4599,0
DA:4625,0
DA:4628,0
DA:4630,0
DA:4638,0
DA:4639,0
DA:4650,0
DA:4662,0
DA:4676,0
DA:4677,0
DA:4678,0
DA:4679,0
DA:4680,0
DA:4681,0
DA:4715,0
DA:4722,0
DA:4738,0
DA:4739,0
DA:4740,0
DA:4741,0
DA:4742,0
DA:4743,0
DA:4744,0
DA:4745,0
DA:4747,0
DA:4748,0
DA:4751,0
DA:4752,0
DA:4758,0
DA:4759,0
DA:4775,0
DA:4784,0
DA:4785,0
DA:4786,0
DA:4788,0
DA:4790,0
DA:4795,0
DA:4796,0
DA:4802,0
DA:4822,0
DA:4834,0
DA:4846,0
DA:4857,0
DA:4864,0
DA:4886,0
DA:4908,0
DA:4909,0
DA:4910,0
DA:4926,0
DA:4941,0
DA:4942,0
DA:4943,0
DA:4944,0
DA:4945,0
DA:4947,0
DA:4954,0
DA:4955,0
DA:4956,0
DA:4959,0
DA:4960,0
DA:4961,0
DA:4962,0
DA:4963,0
DA:4964,0
DA:4965,0
DA:4966,0
DA:4967,0
DA:4968,0
DA:4969,0
DA:4970,0
DA:4972,0
DA:4973,0
DA:4974,0
DA:4975,0
DA:4978,0
DA:4979,0
DA:4981,0
DA:4993,0
DA:4995,0
DA:4996,0
DA:5004,0
DA:5014,0
DA:5057,0
LF:2038
LH:0
BRDA:48,0,0,0
BRDA:48,0,1,0
BRDA:59,1,0,0
BRDA:59,1,1,0
BRDA:59,1,2,0
BRDA:65,2,0,0
BRDA:65,2,1,0
BRDA:65,3,0,0
BRDA:65,3,1,0
BRDA:65,3,2,0
BRDA:75,4,0,0
BRDA:75,4,1,0
BRDA:77,5,0,0
BRDA:77,5,1,0
BRDA:111,6,0,0
BRDA:111,6,1,0
BRDA:169,7,0,0
BRDA:169,7,1,0
BRDA:169,8,0,0
BRDA:169,8,1,0
BRDA:177,9,0,0
BRDA:177,9,1,0
BRDA:178,10,0,0
BRDA:178,10,1,0
BRDA:179,11,0,0
BRDA:179,11,1,0
BRDA:205,12,0,0
BRDA:205,12,1,0
BRDA:205,13,0,0
BRDA:205,13,1,0
BRDA:207,14,0,0
BRDA:207,14,1,0
BRDA:207,15,0,0
BRDA:207,15,1,0
BRDA:207,15,2,0
BRDA:210,16,0,0
BRDA:210,16,1,0
BRDA:240,17,0,0
BRDA:240,17,1,0
BRDA:243,18,0,0
BRDA:243,18,1,0
BRDA:243,18,2,0
BRDA:251,19,0,0
BRDA:251,19,1,0
BRDA:252,20,0,0
BRDA:252,20,1,0
BRDA:253,21,0,0
BRDA:253,21,1,0
BRDA:254,22,0,0
BRDA:254,22,1,0
BRDA:266,23,0,0
BRDA:266,23,1,0
BRDA:270,24,0,0
BRDA:270,24,1,0
BRDA:272,25,0,0
BRDA:272,25,1,0
BRDA:272,25,2,0
BRDA:272,25,3,0
BRDA:272,25,4,0
BRDA:272,25,5,0
BRDA:272,25,6,0
BRDA:272,25,7,0
BRDA:283,26,0,0
BRDA:283,26,1,0
BRDA:285,27,0,0
BRDA:285,27,1,0
BRDA:287,28,0,0
BRDA:287,28,1,0
BRDA:288,29,0,0
BRDA:288,29,1,0
BRDA:288,29,2,0
BRDA:290,30,0,0
BRDA:290,30,1,0
BRDA:291,31,0,0
BRDA:291,31,1,0
BRDA:292,32,0,0
BRDA:292,32,1,0
BRDA:293,33,0,0
BRDA:293,33,1,0
BRDA:298,34,0,0
BRDA:298,34,1,0
BRDA:300,35,0,0
BRDA:300,35,1,0
BRDA:303,36,0,0
BRDA:303,36,1,0
BRDA:306,37,0,0
BRDA:306,37,1,0
BRDA:321,38,0,0
BRDA:321,38,1,0
BRDA:322,39,0,0
BRDA:322,39,1,0
BRDA:323,40,0,0
BRDA:323,40,1,0
BRDA:325,41,0,0
BRDA:325,41,1,0
BRDA:325,42,0,0
BRDA:325,42,1,0
BRDA:325,42,2,0
BRDA:335,43,0,0
BRDA:335,43,1,0
BRDA:341,44,0,0
BRDA:341,44,1,0
BRDA:341,45,0,0
BRDA:341,45,1,0
BRDA:341,45,2,0
BRDA:356,46,0,0
BRDA:356,46,1,0
BRDA:356,47,0,0
BRDA:356,47,1,0
BRDA:362,48,0,0
BRDA:362,48,1,0
BRDA:372,49,0,0
BRDA:372,49,1,0
BRDA:380,50,0,0
BRDA:380,50,1,0
BRDA:380,51,0,0
BRDA:380,51,1,0
BRDA:386,52,0,0
BRDA:386,52,1,0
BRDA:411,53,0,0
BRDA:411,53,1,0
BRDA:413,54,0,0
BRDA:413,54,1,0
BRDA:415,55,0,0
BRDA:415,55,1,0
BRDA:416,56,0,0
BRDA:416,56,1,0
BRDA:443,57,0,0
BRDA:443,57,1,0
BRDA:447,58,0,0
BRDA:447,58,1,0
BRDA:447,59,0,0
BRDA:447,59,1,0
BRDA:448,60,0,0
BRDA:448,60,1,0
BRDA:454,61,0,0
BRDA:454,61,1,0
BRDA:464,62,0,0
BRDA:464,62,1,0
BRDA:464,63,0,0
BRDA:464,63,1,0
BRDA:464,63,2,0
BRDA:467,64,0,0
BRDA:467,64,1,0
BRDA:470,65,0,0
BRDA:470,65,1,0
BRDA:478,66,0,0
BRDA:478,66,1,0
BRDA:478,67,0,0
BRDA:478,67,1,0
BRDA:491,68,0,0
BRDA:491,68,1,0
BRDA:509,69,0,0
BRDA:509,69,1,0
BRDA:509,70,0,0
BRDA:509,70,1,0
BRDA:515,71,0,0
BRDA:515,71,1,0
BRDA:516,72,0,0
BRDA:516,72,1,0
BRDA:523,73,0,0
BRDA:523,73,1,0
BRDA:527,74,0,0
BRDA:527,74,1,0
BRDA:527,75,0,0
BRDA:527,75,1,0
BRDA:533,76,0,0
BRDA:540,77,0,0
BRDA:540,77,1,0
BRDA:540,78,0,0
BRDA:540,78,1,0
BRDA:548,79,0,0
BRDA:548,79,1,0
BRDA:565,80,0,0
BRDA:565,80,1,0
BRDA:581,81,0,0
BRDA:581,81,1,0
BRDA:603,82,0,0
BRDA:603,82,1,0
BRDA:603,82,2,0
BRDA:604,83,0,0
BRDA:604,83,1,0
BRDA:610,84,0,0
BRDA:610,84,1,0
BRDA:622,85,0,0
BRDA:622,85,1,0
BRDA:644,86,0,0
BRDA:644,86,1,0
BRDA:660,87,0,0
BRDA:660,87,1,0
BRDA:660,88,0,0
BRDA:660,88,1,0
BRDA:665,89,0,0
BRDA:665,89,1,0
BRDA:671,90,0,0
BRDA:671,90,1,0
BRDA:671,91,0,0
BRDA:671,91,1,0
BRDA:673,92,0,0
BRDA:673,92,1,0
BRDA:673,93,0,0
BRDA:673,93,1,0
BRDA:684,94,0,0
BRDA:684,94,1,0
BRDA:697,95,0,0
BRDA:697,95,1,0
BRDA:699,96,0,0
BRDA:699,96,1,0
BRDA:705,97,0,0
BRDA:705,97,1,0
BRDA:705,98,0,0
BRDA:705,98,1,0
BRDA:705,98,2,0
BRDA:706,99,0,0
BRDA:706,99,1,0
BRDA:707,100,0,0
BRDA:707,100,1,0
BRDA:708,101,0,0
BRDA:708,101,1,0
BRDA:708,102,0,0
BRDA:708,102,1,0
BRDA:715,103,0,0
BRDA:715,103,1,0
BRDA:720,104,0,0
BRDA:720,104,1,0
BRDA:720,105,0,0
BRDA:720,105,1,0
BRDA:725,106,0,0
BRDA:725,106,1,0
BRDA:739,107,0,0
BRDA:739,107,1,0
BRDA:739,108,0,0
BRDA:739,108,1,0
BRDA:741,109,0,0
BRDA:741,109,1,0
BRDA:747,110,0,0
BRDA:747,110,1,0
BRDA:761,111,0,0
BRDA:761,111,1,0
BRDA:765,112,0,0
BRDA:765,112,1,0
BRDA:765,113,0,0
BRDA:765,113,1,0
BRDA:773,114,0,0
BRDA:773,114,1,0
BRDA:776,115,0,0
BRDA:776,115,1,0
BRDA:780,116,0,0
BRDA:780,116,1,0
BRDA:797,117,0,0
BRDA:797,117,1,0
BRDA:797,118,0,0
BRDA:797,118,1,0
BRDA:801,119,0,0
BRDA:801,119,1,0
[...]
BRDA:222,34,0,0
BRDA:222,34,1,0
BRDA:222,34,2,0
BRDA:225,35,0,0
BRDA:225,35,1,0
BRDA:236,36,0,8
BRDA:237,37,0,3
BRDA:237,37,1,28
BRDA:248,38,0,11
BRDA:248,38,1,102
BRDA:259,39,0,0
BRDA:259,39,1,8
BRDA:259,40,0,8
BRDA:259,40,1,8
BRDA:268,41,0,8
BRDA:268,41,1,14
BRDA:270,42,0,8
BRDA:270,42,1,0
BRDA:279,43,0,0
BRDA:279,43,1,14
BRDA:281,44,0,0
BRDA:281,44,1,0
BRDA:290,45,0,0
BRDA:290,45,1,0
BRDA:313,46,0,0
BRDA:313,46,1,0
BRDA:327,47,0,0
BRDA:327,47,1,0
BRDA:340,48,0,0
BRDA:340,48,1,0
BRDA:347,49,0,19
BRDA:347,50,0,22
BRDA:349,51,0,22
BRDA:350,52,0,23
BRDA:356,53,0,22
BRDA:356,53,1,1
BRDA:358,54,0,8
BRDA:358,54,1,14
BRDA:364,55,0,2
BRDA:364,55,1,13
BRDA:386,56,0,0
BRDA:396,57,0,0
BRDA:414,58,0,10
BRF:114
BRH:23
end_of_record
TN:
SF:src\services\BiometricService.js
FN:11,(anonymous_0)
FN:19,(anonymous_1)
FN:49,(anonymous_2)
FN:72,(anonymous_3)
FN:91,(anonymous_4)
FN:143,(anonymous_5)
FN:153,(anonymous_6)
FN:176,(anonymous_7)
FN:191,(anonymous_8)
FN:202,(anonymous_9)
FN:215,(anonymous_10)
FN:227,(anonymous_11)
FN:265,(anonymous_12)
FN:275,(anonymous_13)
FNF:14
FNH:0
FNDA:0,(anonymous_0)
FNDA:0,(anonymous_1)
FNDA:0,(anonymous_2)
FNDA:0,(anonymous_3)
FNDA:0,(anonymous_4)
FNDA:0,(anonymous_5)
FNDA:0,(anonymous_6)
FNDA:0,(anonymous_7)
FNDA:0,(anonymous_8)
FNDA:0,(anonymous_9)
FNDA:0,(anonymous_10)
FNDA:0,(anonymous_11)
FNDA:0,(anonymous_12)
FNDA:0,(anonymous_13)
DA:6,0
DA:7,0
DA:8,0
DA:12,0
DA:13,0
DA:14,0
DA:20,0
DA:22,0
DA:24,0
DA:26,0
DA:29,0
DA:32,0
DA:39,0
DA:40,0
DA:50,0
DA:51,0
DA:54,0
DA:57,0
DA:58,0
DA:61,0
DA:62,0
DA:65,0
DA:66,0
DA:69,0
DA:73,0
DA:75,0
DA:78,0
DA:81,0
DA:83,0
DA:85,0
DA:92,0
DA:93,0
DA:95,0
DA:96,0
DA:102,0
DA:103,0
DA:110,0
DA:117,0
DA:122,0
DA:124,0
DA:127,0
DA:133,0
DA:134,0
DA:144,0
DA:145,0
DA:146,0
DA:148,0
DA:149,0
DA:154,0
DA:156,0
DA:160,0
DA:161,0
DA:167,0
DA:169,0
DA:171,0
DA:172,0
DA:177,0
DA:178,0
DA:179,0
DA:180,0
DA:182,0
DA:184,0
DA:185,0
DA:192,0
DA:193,0
DA:194,0
DA:195,0
DA:197,0
DA:198,0
DA:203,0
DA:204,0
DA:205,0
DA:206,0
DA:208,0
DA:210,0
DA:211,0
DA:216,0
DA:217,0
DA:218,0
DA:220,0
DA:221,0
DA:228,0
DA:230,0
DA:231,0
DA:232,0
DA:236,0
DA:237,0
DA:238,0
DA:242,0
DA:246,0
DA:247,0
DA:253,0
DA:258,0
DA:259,0
DA:266,0
DA:267,0
DA:268,0
DA:270,0
DA:271,0
DA:276,0
DA:277,0
DA:279,0
DA:280,0
DA:282,0
DA:286,0
LF:105
LH:0
BRDA:24,0,0,0
BRDA:24,0,1,0
BRDA:50,1,0,0
BRDA:50,1,1,0
BRDA:50,2,0,0
BRDA:50,2,1,0
BRDA:57,3,0,0
BRDA:57,3,1,0
BRDA:58,4,0,0
BRDA:58,4,1,0
BRDA:61,5,0,0
BRDA:61,5,1,0
BRDA:62,6,0,0
BRDA:62,6,1,0
BRDA:65,7,0,0
BRDA:65,7,1,0
BRDA:75,8,0,0
BRDA:75,8,1,0
BRDA:75,8,2,0
BRDA:75,8,3,0
BRDA:75,8,4,0
BRDA:75,8,5,0
BRDA:91,9,0,0
BRDA:95,10,0,0
BRDA:95,10,1,0
BRDA:102,11,0,0
BRDA:102,11,1,0
BRDA:105,12,0,0
BRDA:105,12,1,0
BRDA:122,13,0,0
BRDA:122,13,1,0
BRDA:160,14,0,0
BRDA:160,14,1,0
BRDA:163,15,0,0
BRDA:163,15,1,0
BRDA:205,16,0,0
BRDA:205,16,1,0
BRDA:231,17,0,0
BRDA:231,17,1,0
BRDA:237,18,0,0
BRDA:237,18,1,0
BRDA:246,19,0,0
BRDA:246,19,1,0
BRDA:249,20,0,0
BRDA:249,20,1,0
BRDA:268,21,0,0
BRDA:268,21,1,0
BRDA:275,22,0,0
BRDA:277,23,0,0
BRDA:277,23,1,0
BRF:50
BRH:0
end_of_record
TN:
SF:src\services\LocationService.js
FN:20,(anonymous_0)
FN:28,(anonymous_1)
FN:55,(anonymous_2)
FN:72,(anonymous_3)
FN:80,(anonymous_4)
FN:90,(anonymous_5)
FN:135,(anonymous_6)
FN:165,(anonymous_7)
FN:183,(anonymous_8)
FN:207,(anonymous_9)
FN:216,(anonymous_10)
FN:232,(anonymous_11)
FN:272,(anonymous_12)
FN:313,(anonymous_13)
FN:342,(anonymous_14)
FN:355,(anonymous_15)
FN:368,(anonymous_16)
FN:389,(anonymous_17)
FN:399,(anonymous_18)
FN:411,(anonymous_19)
FN:421,(anonymous_20)
FN:427,(anonymous_21)
FN:444,(anonymous_22)
FN:448,(anonymous_23)
FNF:24
FNH:0
FNDA:0,(anonymous_0)
FNDA:0,(anonymous_1)
FNDA:0,(anonymous_2)
FNDA:0,(anonymous_3)
FNDA:0,(anonymous_4)
FNDA:0,(anonymous_5)
FNDA:0,(anonymous_6)
FNDA:0,(anonymous_7)
FNDA:0,(anonymous_8)
FNDA:0,(anonymous_9)
FNDA:0,(anonymous_10)
FNDA:0,(anonymous_11)
FNDA:0,(anonymous_12)
FNDA:0,(anonymous_13)
FNDA:0,(anonymous_14)
FNDA:0,(anonymous_15)
FNDA:0,(anonymous_16)
FNDA:0,(anonymous_17)
FNDA:0,(anonymous_18)
FNDA:0,(anonymous_19)
FNDA:0,(anonymous_20)
FNDA:0,(anonymous_21)
FNDA:0,(anonymous_22)
FNDA:0,(anonymous_23)
DA:6,0
DA:7,0
DA:10,0
DA:21,0
DA:22,0
DA:23,0
DA:29,0
DA:30,0
DA:31,0
DA:33,0
DA:34,0
DA:41,0
DA:46,0
DA:47,0
DA:56,0
DA:57,0
DA:58,0
DA:59,0
DA:64,0
DA:65,0
DA:73,0
DA:74,0
DA:75,0
DA:77,0
DA:81,0
DA:82,0
DA:84,0
DA:91,0
DA:92,0
DA:93,0
DA:94,0
DA:101,0
DA:103,0
DA:110,0
DA:112,0
DA:122,0
DA:127,0
DA:128,0
DA:136,0
DA:137,0
DA:138,0
DA:139,0
DA:150,0
DA:155,0
DA:156,0
DA:166,0
DA:167,0
DA:168,0
DA:169,0
DA:172,0
DA:174,0
DA:184,0
DA:194,0
DA:195,0
DA:200,0
DA:202,0
DA:203,0
DA:208,0
DA:209,0
DA:210,0
DA:218,0
DA:219,0
DA:220,0
DA:221,0
DA:222,0
DA:225,0
DA:227,0
DA:229,0
DA:233,0
DA:235,0
DA:236,0
DA:243,0
DA:244,0
DA:246,0
DA:253,0
DA:255,0
DA:273,0
DA:274,0
DA:279,0
DA:280,0
DA:281,0
DA:293,0
DA:300,0
DA:305,0
DA:306,0
DA:314,0
DA:315,0
DA:317,0
DA:318,0
DA:327,0
DA:332,0
DA:333,0
DA:343,0
DA:344,0
DA:345,0
DA:346,0
DA:348,0
DA:350,0
DA:351,0
DA:356,0
DA:357,0
DA:358,0
DA:359,0
DA:361,0
DA:362,0
DA:369,0
DA:370,0
DA:372,0
DA:379,0
DA:381,0
DA:382,0
DA:384,0
DA:385,0
DA:390,0
DA:391,0
DA:392,0
DA:394,0
DA:395,0
DA:400,0
DA:401,0
DA:402,0
DA:404,0
DA:405,0
DA:412,0
DA:414,0
DA:415,0
DA:418,0
DA:422,0
DA:423,0
DA:427,0
DA:428,0
DA:429,0
DA:430,0
DA:431,0
DA:432,0
DA:434,0
DA:438,0
DA:441,0
DA:445,0
DA:449,0
DA:453,0
LF:141
LH:0
BRDA:33,0,0,0
BRDA:33,0,1,0
BRDA:74,1,0,0
BRDA:74,1,1,0
BRDA:81,2,0,0
BRDA:81,2,1,0
BRDA:90,3,0,0
BRDA:93,4,0,0
BRDA:93,4,1,0
BRDA:104,5,0,0
BRDA:104,5,1,0
BRDA:138,6,0,0
BRDA:138,6,1,0
BRDA:165,7,0,0
BRDA:168,8,0,0
BRDA:168,8,1,0
BRDA:176,9,0,0
BRDA:176,9,1,0
BRDA:194,10,0,0
BRDA:194,10,1,0
BRDA:208,11,0,0
BRDA:208,11,1,0
BRDA:232,12,0,0
BRDA:235,13,0,0
BRDA:235,13,1,0
BRDA:244,14,0,0
BRDA:244,14,1,0
BRDA:264,15,0,0
BRDA:264,15,1,0
BRDA:279,16,0,0
BRDA:279,16,1,0
BRDA:279,17,0,0
BRDA:279,17,1,0
BRDA:317,18,0,0
BRDA:317,18,1,0
BRDA:317,19,0,0
BRDA:317,19,1,0
BRDA:345,20,0,0
BRDA:345,20,1,0
BRDA:368,21,0,0
BRDA:392,22,0,0
BRDA:392,22,1,0
BRDA:411,23,0,0
BRDA:414,24,0,0
BRDA:414,24,1,0
BRDA:421,25,0,0
BRDA:422,26,0,0
BRDA:422,26,1,0
BRDA:434,27,0,0
BRDA:434,27,1,0
BRDA:435,28,0,0
BRDA:435,28,1,0
BRDA:436,29,0,0
BRDA:436,29,1,0
BRF:54
BRH:0
end_of_record
TN:
SF:src\services\NotificationService.js
FN:26,(anonymous_0)
FN:34,(anonymous_1)
FN:44,(anonymous_2)
FN:67,(anonymous_3)
FN:163,(anonymous_4)
FN:166,(anonymous_5)
FN:175,(anonymous_6)
FN:183,(anonymous_7)
FN:196,(anonymous_8)
FN:204,(anonymous_9)
FN:213,(anonymous_10)
FN:229,(anonymous_11)
FN:242,(anonymous_12)
FN:253,(anonymous_13)
FN:261,(anonymous_14)
FN:288,(anonymous_15)
FN:322,(anonymous_16)
FN:356,(anonymous_17)
FN:363,(anonymous_18)
FN:382,(anonymous_19)
FN:392,(anonymous_20)
FN:402,(anonymous_21)
FN:411,(anonymous_22)
FN:421,(anonymous_23)
FN:427,(anonymous_24)
FN:431,(anonymous_25)
FNF:26
FNH:0
FNDA:0,(anonymous_0)
FNDA:0,(anonymous_1)
FNDA:0,(anonymous_2)
FNDA:0,(anonymous_3)
FNDA:0,(anonymous_4)
FNDA:0,(anonymous_5)
FNDA:0,(anonymous_6)
FNDA:0,(anonymous_7)
FNDA:0,(anonymous_8)
FNDA:0,(anonymous_9)
FNDA:0,(anonymous_10)
FNDA:0,(anonymous_11)
FNDA:0,(anonymous_12)
FNDA:0,(anonymous_13)
FNDA:0,(anonymous_14)
FNDA:0,(anonymous_15)
FNDA:0,(anonymous_16)
FNDA:0,(anonymous_17)
FNDA:0,(anonymous_18)
FNDA:0,(anonymous_19)
FNDA:0,(anonymous_20)
FNDA:0,(anonymous_21)
FNDA:0,(anonymous_22)
FNDA:0,(anonymous_23)
FNDA:0,(anonymous_24)
FNDA:0,(anonymous_25)
DA:10,0
DA:11,0
DA:14,0
DA:25,0
DA:26,0
DA:35,0
DA:36,0
DA:37,0
DA:38,0
DA:39,0
DA:45,0
DA:47,0
DA:49,0
DA:50,0
DA:51,0
DA:54,0
DA:58,0
DA:60,0
DA:62,0
DA:63,0
DA:70,0
DA:72,0
DA:79,0
DA:86,0
DA:94,0
DA:95,0
DA:96,0
DA:98,0
DA:99,0
DA:100,0
DA:103,0
DA:104,0
DA:105,0
DA:110,0
DA:111,0
DA:112,0
DA:114,0
DA:120,0
DA:121,0
DA:122,0
DA:127,0
DA:129,0
DA:131,0
DA:132,0
DA:135,0
DA:139,0
DA:140,0
DA:141,0
DA:144,0
DA:147,0
DA:148,0
DA:151,0
DA:154,0
DA:157,0
DA:160,0
DA:165,0
DA:167,0
DA:168,0
DA:174,0
DA:176,0
DA:177,0
DA:184,0
DA:185,0
DA:186,0
DA:188,0
DA:189,0
DA:190,0
DA:197,0
DA:198,0
DA:200,0
DA:205,0
DA:206,0
DA:208,0
DA:209,0
DA:214,0
DA:215,0
DA:220,0
DA:222,0
DA:223,0
DA:230,0
DA:231,0
DA:232,0
DA:233,0
DA:235,0
DA:237,0
DA:238,0
DA:243,0
DA:244,0
DA:245,0
DA:246,0
DA:248,0
DA:249,0
DA:254,0
DA:255,0
DA:256,0
DA:268,0
DA:270,0
DA:271,0
DA:281,0
DA:283,0
DA:284,0
DA:289,0
DA:290,0
DA:291,0
DA:294,0
DA:295,0
DA:298,0
DA:299,0
DA:303,0
DA:304,0
DA:306,0
DA:309,0
DA:323,0
DA:324,0
DA:325,0
DA:328,0
DA:329,0
DA:331,0
DA:333,0
DA:344,0
DA:357,0
DA:364,0
DA:365,0
DA:366,0
DA:369,0
DA:383,0
DA:384,0
DA:385,0
DA:387,0
DA:388,0
DA:393,0
DA:394,0
DA:395,0
DA:397,0
DA:398,0
DA:403,0
DA:404,0
DA:406,0
DA:407,0
DA:412,0
DA:413,0
DA:414,0
DA:416,0
DA:417,0
DA:422,0
DA:428,0
DA:432,0
DA:436,0
LF:148
LH:0
BRDA:49,0,0,0
BRDA:49,0,1,0
BRDA:70,1,0,0
BRDA:70,1,1,0
BRDA:94,2,0,0
BRDA:94,2,1,0
BRDA:98,3,0,0
BRDA:98,3,1,0
BRDA:103,4,0,0
BRDA:103,4,1,0
BRDA:112,5,0,0
BRDA:112,5,1,0
BRDA:120,6,0,0
BRDA:120,6,1,0
BRDA:127,7,0,0
BRDA:127,7,1,0
BRDA:129,8,0,0
BRDA:129,8,1,0
BRDA:131,9,0,0
BRDA:131,9,1,0
BRDA:140,10,0,0
BRDA:140,10,1,0
BRDA:167,11,0,0
BRDA:167,11,1,0
BRDA:176,12,0,0
BRDA:176,12,1,0
BRDA:184,13,0,0
BRDA:184,13,1,0
BRDA:188,14,0,0
BRDA:188,14,1,0
BRDA:218,15,0,0
BRDA:218,15,1,0
BRDA:232,16,0,0
BRDA:232,16,1,0
BRDA:265,17,0,0
BRDA:267,18,0,0
BRDA:277,19,0,0
BRDA:277,19,1,0
BRDA:288,20,0,0
BRDA:290,21,0,0
BRDA:290,21,1,0
BRDA:290,22,0,0
BRDA:290,22,1,0
BRDA:298,23,0,0
BRDA:298,23,1,0
BRDA:304,24,0,0
BRDA:304,24,1,0
BRDA:304,25,0,0
BRDA:304,25,1,0
BRDA:311,26,0,0
BRDA:311,26,1,0
BRDA:324,27,0,0
BRDA:324,27,1,0
BRDA:324,28,0,0
BRDA:324,28,1,0
BRDA:331,29,0,0
BRDA:331,29,1,0
BRDA:365,30,0,0
BRDA:365,30,1,0
BRDA:365,31,0,0
BRDA:365,31,1,0
BRF:61
BRH:0
end_of_record
TN:
SF:src\services\OfflineStorage.js
FN:18,(anonymous_0)
FN:32,(anonymous_1)
FN:52,(anonymous_2)
FN:66,(anonymous_3)
FN:86,(anonymous_4)
FN:89,(anonymous_5)
FN:106,(anonymous_6)
FN:123,(anonymous_7)
FN:126,(anonymous_8)
FN:135,(anonymous_9)
FN:158,(anonymous_10)
FN:168,(anonymous_11)
FN:171,(anonymous_12)
FN:184,(anonymous_13)
FN:187,(anonymous_14)
FN:198,(anonymous_15)
FN:215,(anonymous_16)
FN:225,(anonymous_17)
FN:228,(anonymous_18)
FN:239,(anonymous_19)
FN:258,(anonymous_20)
FN:268,(anonymous_21)
FN:271,(anonymous_22)
FN:284,(anonymous_23)
FN:287,(anonymous_24)
FN:296,(anonymous_25)
FN:308,(anonymous_26)
FN:318,(anonymous_27)
FN:329,(anonymous_28)
FN:339,(anonymous_29)
FN:351,(anonymous_30)
FN:359,(anonymous_31)
FN:392,(anonymous_32)
FNF:33
FNH:32
FNDA:2,(anonymous_0)
FNDA:4,(anonymous_1)
FNDA:1,(anonymous_2)
FNDA:2,(anonymous_3)
FNDA:1,(anonymous_4)
FNDA:0,(anonymous_5)
FNDA:4,(anonymous_6)
FNDA:2,(anonymous_7)
FNDA:1,(anonymous_8)
FNDA:1,(anonymous_9)
FNDA:6,(anonymous_10)
FNDA:1,(anonymous_11)
FNDA:1,(anonymous_12)
FNDA:1,(anonymous_13)
FNDA:2,(anonymous_14)
FNDA:1,(anonymous_15)
FNDA:5,(anonymous_16)
FNDA:1,(anonymous_17)
FNDA:2,(anonymous_18)
FNDA:1,(anonymous_19)
FNDA:7,(anonymous_20)
FNDA:1,(anonymous_21)
FNDA:1,(anonymous_22)
FNDA:1,(anonymous_23)
FNDA:2,(anonymous_24)
FNDA:1,(anonymous_25)
FNDA:2,(anonymous_26)
FNDA:4,(anonymous_27)
FNDA:1,(anonymous_28)
FNDA:2,(anonymous_29)
FNDA:5,(anonymous_30)
FNDA:2,(anonymous_31)
FNDA:2,(anonymous_32)
DA:4,1
DA:19,2
DA:20,2
DA:24,2
DA:25,1
DA:27,1
DA:28,1
DA:33,4
DA:34,4
DA:35,3
DA:36,2
DA:37,1
DA:43,1
DA:45,2
DA:46,2
DA:53,1
DA:54,1
DA:58,1
DA:59,1
DA:61,0
DA:62,0
DA:67,2
DA:68,2
DA:69,2
DA:70,1
DA:71,1
DA:77,1
DA:79,0
DA:80,0
DA:87,1
DA:88,1
DA:89,1
DA:90,1
DA:93,1
DA:95,1
DA:99,1
DA:101,0
DA:102,0
DA:107,4
DA:108,4
DA:109,4
DA:110,3
DA:111,3
DA:116,1
DA:118,0
DA:119,0
DA:124,2
DA:125,2
DA:126,2
DA:128,0
DA:129,0
DA:136,1
DA:137,1
DA:138,1
DA:140,1
DA:148,1
DA:149,1
DA:151,1
DA:153,0
DA:154,0
DA:159,6
DA:160,6
DA:161,6
DA:163,0
DA:164,0
DA:169,1
DA:170,1
DA:171,1
DA:172,1
DA:173,1
DA:174,1
DA:175,1
DA:177,0
DA:179,0
DA:180,0
DA:185,1
DA:186,1
DA:187,2
DA:188,1
DA:189,1
DA:191,0
DA:192,0
DA:199,1
DA:200,1
DA:201,1
DA:206,1
DA:207,1
DA:208,1
DA:210,0
DA:211,0
DA:216,5
DA:217,5
DA:218,5
DA:220,0
DA:221,0
DA:226,1
DA:227,1
DA:228,2
DA:229,1
DA:230,1
DA:232,0
DA:233,0
DA:240,1
DA:241,1
DA:242,1
DA:249,1
DA:250,1
DA:251,1
DA:253,0
DA:254,0
DA:259,7
DA:260,7
DA:261,6
DA:263,1
DA:264,1
DA:269,1
DA:270,1
DA:271,1
DA:272,1
DA:273,1
DA:274,1
DA:275,1
DA:277,0
DA:279,0
DA:280,0
DA:285,1
DA:286,1
DA:287,2
DA:288,1
DA:289,1
DA:291,0
DA:292,0
DA:297,1
DA:298,1
DA:299,1
DA:301,0
DA:302,0
DA:309,2
DA:310,2
DA:311,2
DA:313,0
DA:314,0
DA:319,4
DA:320,4
DA:322,0
DA:323,0
DA:330,1
DA:331,1
DA:332,1
DA:334,0
DA:335,0
DA:340,2
DA:341,2
DA:342,2
DA:344,0
DA:345,0
DA:352,5
DA:353,4
DA:354,4
DA:355,4
DA:356,4
DA:360,2
DA:366,2
DA:373,2
DA:381,0
DA:382,0
DA:393,2
DA:394,2
DA:404,1
DA:406,1
DA:407,1
DA:412,1
LF:172
LH:128
BRDA:35,0,0,2
BRDA:35,0,1,1
BRDA:38,1,0,1
BRDA:38,1,1,0
BRDA:69,2,0,1
BRDA:69,2,1,1
BRDA:72,3,0,1
BRDA:72,3,1,0
BRDA:109,4,0,3
BRDA:109,4,1,1
BRDA:112,5,0,3
BRDA:112,5,1,0
BRDA:126,6,0,2
BRDA:126,6,1,1
BRDA:161,7,0,4
BRDA:161,7,1,2
BRDA:172,8,0,1
BRDA:172,8,1,0
BRDA:218,9,0,3
BRDA:218,9,1,2
BRDA:261,10,0,4
BRDA:261,10,1,2
BRDA:272,11,0,1
BRDA:272,11,1,0
BRDA:308,12,0,1
BRDA:342,13,0,1
BRDA:342,13,1,1
BRDA:352,14,0,1
BRDA:352,14,1,4
BRDA:378,15,0,2
BRDA:378,15,1,1
BRDA:378,15,2,1
BRF:32
BRH:27
end_of_record
TN:
SF:src\services\SyncManager.js
FN:6,(anonymous_0)
FN:14,(anonymous_1)
FN:16,(anonymous_2)
FN:17,(anonymous_3)
FN:21,(anonymous_4)
FN:22,(anonymous_5)
FN:33,(anonymous_6)
FN:86,(anonymous_7)
FN:158,(anonymous_8)
FN:171,(anonymous_9)
FN:222,(anonymous_10)
FN:289,(anonymous_11)
FN:315,(anonymous_12)
FN:333,(anonymous_13)
FN:371,(anonymous_14)
FNF:15
FNH:0
FNDA:0,(anonymous_0)
FNDA:0,(anonymous_1)
FNDA:0,(anonymous_2)
FNDA:0,(anonymous_3)
FNDA:0,(anonymous_4)
FNDA:0,(anonymous_5)
FNDA:0,(anonymous_6)
FNDA:0,(anonymous_7)
FNDA:0,(anonymous_8)
FNDA:0,(anonymous_9)
FNDA:0,(anonymous_10)
FNDA:0,(anonymous_11)
FNDA:0,(anonymous_12)
FNDA:0,(anonymous_13)
FNDA:0,(anonymous_14)
DA:7,0
DA:8,0
DA:9,0
DA:15,0
DA:16,0
DA:17,0
DA:22,0
DA:23,0
DA:24,0
DA:26,0
DA:34,0
DA:35,0
DA:36,0
DA:39,0
DA:40,0
DA:42,0
DA:43,0
DA:50,0
DA:51,0
DA:54,0
DA:55,0
DA:58,0
DA:59,0
DA:62,0
DA:65,0
DA:67,0
DA:69,0
DA:76,0
DA:77,0
DA:78,0
DA:80,0
DA:87,0
DA:89,0
DA:90,0
DA:92,0
DA:93,0
DA:95,0
DA:96,0
DA:99,0
DA:104,0
DA:114,0
DA:116,0
DA:118,0
DA:121,0
DA:124,0
DA:126,0
DA:127,0
DA:133,0
DA:136,0
DA:142,0
DA:143,0
DA:150,0
DA:153,0
DA:159,0
DA:161,0
DA:162,0
DA:164,0
DA:165,0
DA:166,0
DA:169,0
DA:170,0
DA:171,0
DA:172,0
DA:173,0
DA:178,0
DA:179,0
DA:185,0
DA:186,0
DA:188,0
DA:189,0
DA:193,0
DA:199,0
DA:200,0
DA:201,0
DA:202,0
DA:205,0
DA:206,0
DA:207,0
DA:214,0
DA:217,0
DA:223,0
DA:225,0
DA:226,0
DA:228,0
DA:229,0
DA:230,0
DA:231,0
DA:232,0
DA:235,0
DA:237,0
DA:245,0
DA:247,0
DA:248,0
DA:250,0
DA:251,0
DA:253,0
DA:254,0
DA:256,0
DA:260,0
DA:261,0
DA:264,0
DA:266,0
DA:271,0
DA:272,0
DA:273,0
DA:281,0
DA:284,0
DA:290,0
DA:292,0
DA:295,0
DA:296,0
DA:300,0
DA:301,0
DA:302,0
DA:305,0
DA:306,0
DA:308,0
DA:309,0
DA:316,0
DA:317,0
DA:318,0
DA:319,0
DA:321,0
DA:322,0
DA:323,0
DA:327,0
DA:334,0
DA:335,0
DA:338,0
DA:341,0
DA:342,0
DA:346,0
DA:347,0
DA:348,0
DA:352,0
DA:353,0
DA:354,0
DA:355,0
DA:359,0
DA:360,0
DA:362,0
DA:364,0
DA:365,0
DA:366,0
DA:372,0
DA:378,0
LF:146
LH:0
BRDA:34,0,0,0
BRDA:34,0,1,0
BRDA:93,1,0,0
BRDA:93,1,1,0
BRDA:108,2,0,0
BRDA:108,2,1,0
BRDA:116,3,0,0
BRDA:116,3,1,0
BRDA:116,4,0,0
BRDA:116,4,1,0
BRDA:169,5,0,0
BRDA:169,5,1,0
BRDA:169,6,0,0
BRDA:169,6,1,0
BRDA:172,7,0,0
BRDA:172,7,1,0
BRDA:172,8,0,0
BRDA:172,8,1,0
BRDA:181,9,0,0
BRDA:181,9,1,0
BRDA:182,10,0,0
BRDA:182,10,1,0
BRDA:185,11,0,0
BRDA:185,11,1,0
BRDA:188,12,0,0
BRDA:188,12,1,0
BRDA:199,13,0,0
BRDA:199,13,1,0
BRDA:199,14,0,0
BRDA:199,14,1,0
BRDA:229,15,0,0
BRDA:229,15,1,0
BRDA:230,16,0,0
BRDA:230,16,1,0
BRDA:245,17,0,0
BRDA:245,17,1,0
BRDA:245,17,2,0
BRDA:245,17,3,0
BRDA:267,18,0,0
BRDA:267,18,1,0
BRDA:271,19,0,0
BRDA:271,19,1,0
BRDA:295,20,0,0
BRDA:295,20,1,0
BRDA:295,21,0,0
BRDA:295,21,1,0
BRDA:301,22,0,0
BRDA:301,22,1,0
BRDA:301,23,0,0
BRDA:301,23,1,0
BRDA:319,24,0,0
BRDA:319,24,1,0
BRDA:341,25,0,0
BRDA:341,25,1,0
BRDA:341,26,0,0
BRDA:341,26,1,0
BRDA:347,27,0,0
BRDA:347,27,1,0
BRDA:347,28,0,0
BRDA:347,28,1,0
BRDA:353,29,0,0
BRDA:353,29,1,0
BRDA:353,30,0,0
BRDA:353,30,1,0
BRF:64
BRH:0
end_of_record
TN:
SF:src\utils\auditHelpers.js
FN:12,(anonymous_0)
FN:16,(anonymous_1)
FN:17,(anonymous_2)
FN:18,(anonymous_3)
FN:45,(anonymous_4)
FN:48,(anonymous_5)
FN:58,(anonymous_6)
FN:65,(anonymous_7)
FNF:8
FNH:8
FNDA:21,(anonymous_0)
FNDA:37,(anonymous_1)
FNDA:155,(anonymous_2)
FNDA:67,(anonymous_3)
FNDA:7,(anonymous_4)
FNDA:10,(anonymous_5)
FNDA:8,(anonymous_6)
FNDA:12,(anonymous_7)
DA:12,1
DA:13,21
DA:15,19
DA:16,19
DA:17,155
DA:18,37
DA:19,67
DA:20,67
DA:21,67
DA:24,37
DA:25,37
DA:26,37
DA:28,37
DA:36,19
DA:45,1
DA:46,7
DA:47,5
DA:48,10
DA:49,5
DA:58,1
DA:59,8
DA:60,2
DA:63,6
DA:64,6
DA:65,12
DA:72,6
DA:73,6
LF:27
LH:27
BRDA:13,0,0,2
BRDA:13,0,1,19
BRDA:13,1,0,21
BRDA:13,1,1,20
BRDA:19,2,0,67
BRDA:19,2,1,33
BRDA:19,2,2,32
BRDA:20,3,0,67
BRDA:20,3,1,27
BRDA:20,3,2,13
BRDA:21,4,0,67
BRDA:21,4,1,37
BRDA:26,5,0,36
BRDA:26,5,1,1
BRDA:31,6,0,37
BRDA:31,6,1,36
BRDA:46,7,0,2
BRDA:46,7,1,5
BRDA:46,8,0,7
BRDA:46,8,1,6
BRDA:49,9,0,5
BRDA:49,9,1,1
BRDA:49,9,2,0
BRDA:59,10,0,2
BRDA:59,10,1,6
BRDA:59,11,0,8
BRDA:59,11,1,7
BRDA:72,12,0,6
BRDA:72,12,1,0
BRF:29
BRH:27
end_of_record
TN:
SF:src\utils\permissions.js
FN:12,(anonymous_0)
FN:62,(anonymous_1)
FN:63,(anonymous_2)
FN:72,(anonymous_3)
FN:73,(anonymous_4)
FN:81,(anonymous_5)
FN:93,(anonymous_6)
FNF:7
FNH:7
FNDA:64,(anonymous_0)
FNDA:8,(anonymous_1)
FNDA:11,(anonymous_2)
FNDA:9,(anonymous_3)
FNDA:15,(anonymous_4)
FNDA:13,(anonymous_5)
FNDA:10,(anonymous_6)
DA:12,1
DA:13,64
DA:14,4
DA:18,60
DA:19,8
DA:23,52
DA:24,16
DA:28,36
DA:36,36
DA:37,11
DA:38,17
DA:39,9
DA:45,27
DA:46,27
DA:47,27
DA:48,27
DA:49,10
DA:53,17
DA:62,1
DA:63,11
DA:72,1
DA:73,15
DA:81,1
DA:82,13
DA:83,9
DA:84,9
DA:93,1
DA:94,10
DA:95,6
LF:29
LH:29
BRDA:13,0,0,4
BRDA:13,0,1,60
BRDA:13,1,0,64
BRDA:13,1,1,62
BRDA:18,2,0,8
BRDA:18,2,1,52
BRDA:23,3,0,16
BRDA:23,3,1,36
BRDA:36,4,0,11
BRDA:36,4,1,25
BRDA:38,5,0,9
BRDA:38,5,1,8
BRDA:48,6,0,10
BRDA:48,6,1,17
BRDA:82,7,0,4
BRDA:82,7,1,9
BRDA:82,8,0,13
BRDA:82,8,1,11
BRDA:84,9,0,9
BRDA:84,9,1,6
BRDA:94,10,0,4
BRDA:94,10,1,6
BRDA:94,11,0,10
BRDA:94,11,1,8
BRF:24
BRH:24
end_of_record
TN:
SF:src\utils\requestThrottle.js
FN:41,(anonymous_0)
FN:53,(anonymous_1)
FN:65,(anonymous_2)
FN:75,(anonymous_3)
FN:94,(anonymous_4)
FN:102,(anonymous_5)
FN:124,(anonymous_6)
FN:129,(anonymous_7)
FN:140,(anonymous_8)
FN:162,(anonymous_9)
FN:170,(anonymous_10)
FN:181,(anonymous_11)
FNF:12
FNH:12
FNDA:21,(anonymous_0)
FNDA:9,(anonymous_1)
FNDA:79,(anonymous_2)
FNDA:4,(anonymous_3)
FNDA:10,(anonymous_4)
FNDA:27,(anonymous_5)
FNDA:10,(anonymous_6)
FNDA:10,(anonymous_7)
FNDA:24,(anonymous_8)
FNDA:4,(anonymous_9)
FNDA:2,(anonymous_10)
FNDA:34,(anonymous_11)
DA:6,26
DA:7,26
DA:8,26
DA:12,26
DA:27,26
DA:41,26
DA:42,21
DA:43,181
DA:44,21
DA:47,0
DA:53,26
DA:54,9
DA:55,47
DA:56,8
DA:59,1
DA:65,26
DA:66,79
DA:67,79
DA:68,79
DA:69,79
DA:75,26
DA:76,4
DA:77,4
DA:78,4
DA:79,4
DA:81,4
DA:82,0
DA:83,0
DA:84,0
DA:88,4
DA:94,26
DA:95,10
DA:96,10
DA:102,26
DA:103,27
DA:104,27
DA:106,27
DA:107,21
DA:108,21
DA:110,21
DA:111,21
DA:114,0
DA:118,6
DA:124,26
DA:125,10
DA:126,10
DA:129,10
DA:130,10
DA:131,10
DA:134,10
DA:140,26
DA:141,24
DA:142,24
DA:148,24
DA:149,0
DA:150,0
DA:151,0
DA:152,0
DA:153,0
DA:162,26
DA:163,4
DA:164,4
DA:170,26
DA:171,2
DA:172,5
DA:173,3
DA:181,26
DA:182,34
DA:183,34
DA:184,34
LF:70
LH:60
BRDA:43,0,0,21
BRDA:43,0,1,160
BRDA:55,1,0,8
BRDA:55,1,1,39
BRDA:66,2,0,79
BRDA:66,2,1,0
BRDA:67,3,0,79
BRDA:67,3,1,2
BRDA:68,4,0,16
BRDA:68,4,1,63
BRDA:76,5,0,4
BRDA:76,5,1,0
BRDA:81,6,0,0
BRDA:81,6,1,4
BRDA:83,7,0,0
BRDA:83,7,1,0
BRDA:106,8,0,21
BRDA:106,8,1,6
BRDA:107,9,0,21
BRDA:107,9,1,0
BRDA:110,10,0,21
BRDA:110,10,1,0
BRDA:148,11,0,0
BRDA:148,11,1,24
BRDA:151,12,0,0
BRDA:151,12,1,0
BRDA:152,13,0,0
BRDA:152,13,1,0
BRDA:172,14,0,3
BRDA:172,14,1,2
BRF:30
BRH:18
end_of_record
